This file contains any messages produced by compilers while
running configure, to aid debugging if configure makes a mistake.

It was created by configure, which was
generated by GNU Autoconf 2.59.  Invocation command line was

  $ ./configure 

## --------- ##
## Platform. ##
## --------- ##

hostname = osx
uname -m = x86_64
uname -r = 14.0.0
uname -s = Darwin
uname -v = Darwin Kernel Version 14.0.0: Fri Sep 19 00:26:44 PDT 2014; root:xnu-2782.1.97~2/RELEASE_X86_64

/usr/bin/uname -p = i386
/bin/uname -X     = unknown

/bin/arch              = unknown
/usr/bin/arch -k       = unknown
/usr/convex/getsysinfo = unknown
hostinfo               = Mach kernel version:
	 Darwin Kernel Version 14.0.0: Fri Sep 19 00:26:44 PDT 2014; root:xnu-2782.1.97~2/RELEASE_X86_64
Kernel configured for up to 4 processors.
2 processors are physically available.
4 processors are logically available.
Processor type: x86_64h (Intel x86-64h Haswell)
Processors active: 0 1 2 3
Primary memory available: 8.00 gigabytes
Default processor set: 247 tasks, 1524 threads, 4 processors
Load average: 2.30, Mach factor: 1.69
/bin/machine           = unknown
/usr/bin/oslevel       = unknown
/bin/universe          = unknown

PATH: /Users/mj/.rbenv/shims
PATH: /Users/mj/.rbenv/shims
PATH: /usr/local/bin
PATH: /usr/bin
PATH: /bin
PATH: /usr/sbin
PATH: /sbin
PATH: /opt/X11/bin
PATH: /usr/local/git/bin


## ----------- ##
## Core tests. ##
## ----------- ##

configure:1538: checking for a BSD-compatible install
configure:1593: result: /usr/local/bin/ginstall -c
configure:1604: checking whether build environment is sane
configure:1647: result: yes
configure:1712: checking for gawk
configure:1741: result: no
configure:1712: checking for mawk
configure:1741: result: no
configure:1712: checking for nawk
configure:1741: result: no
configure:1712: checking for awk
configure:1728: found /usr/bin/awk
configure:1738: result: awk
configure:1748: checking whether make sets $(MAKE)
configure:1768: result: yes
configure:1951: checking build system type
configure:1969: result: i386-apple-darwin14.0.0
configure:1977: checking host system type
configure:1991: result: i386-apple-darwin14.0.0
configure:2048: checking for a BSD-compatible install
configure:2103: result: /usr/local/bin/ginstall -c
configure:2160: checking for gcc
configure:2176: found /usr/bin/gcc
configure:2186: result: gcc
configure:2430: checking for C compiler version
configure:2433: gcc --version </dev/null >&5
Configured with: --prefix=/Applications/Xcode.app/Contents/Developer/usr --with-gxx-include-dir=/usr/include/c++/4.2.1
Apple LLVM version 6.0 (clang-600.0.56) (based on LLVM 3.5svn)
Target: x86_64-apple-darwin14.0.0
Thread model: posix
configure:2436: $? = 0
configure:2438: gcc -v </dev/null >&5
Configured with: --prefix=/Applications/Xcode.app/Contents/Developer/usr --with-gxx-include-dir=/usr/include/c++/4.2.1
Apple LLVM version 6.0 (clang-600.0.56) (based on LLVM 3.5svn)
Target: x86_64-apple-darwin14.0.0
Thread model: posix
configure:2441: $? = 0
configure:2443: gcc -V </dev/null >&5
clang: error: argument to '-V' is missing (expected 1 value)
clang: error: no input files
configure:2446: $? = 1
configure:2469: checking for C compiler default output file name
configure:2472: gcc -I /usr/local/lib/python2.7/site-packages/numpy-1.9.2-py2.7-macosx-10.10-x86_64.egg/numpy/core/include    conftest.c  >&5
configure:2475: $? = 0
configure:2521: result: a.out
configure:2526: checking whether the C compiler works
configure:2532: ./a.out
configure:2535: $? = 0
configure:2552: result: yes
configure:2559: checking whether we are cross compiling
configure:2561: result: no
configure:2564: checking for suffix of executables
configure:2566: gcc -o conftest -I /usr/local/lib/python2.7/site-packages/numpy-1.9.2-py2.7-macosx-10.10-x86_64.egg/numpy/core/include    conftest.c  >&5
configure:2569: $? = 0
configure:2594: result: 
configure:2600: checking for suffix of object files
configure:2621: gcc -c -I /usr/local/lib/python2.7/site-packages/numpy-1.9.2-py2.7-macosx-10.10-x86_64.egg/numpy/core/include   conftest.c >&5
configure:2624: $? = 0
configure:2646: result: o
configure:2650: checking whether we are using the GNU C compiler
configure:2674: gcc -c -I /usr/local/lib/python2.7/site-packages/numpy-1.9.2-py2.7-macosx-10.10-x86_64.egg/numpy/core/include   conftest.c >&5
configure:2680: $? = 0
configure:2684: test -z 
			 || test ! -s conftest.err
configure:2687: $? = 0
configure:2690: test -s conftest.o
configure:2693: $? = 0
configure:2706: result: yes
configure:2712: checking whether gcc accepts -g
configure:2733: gcc -c -g  conftest.c >&5
configure:2739: $? = 0
configure:2743: test -z 
			 || test ! -s conftest.err
configure:2746: $? = 0
configure:2749: test -s conftest.o
configure:2752: $? = 0
configure:2763: result: yes
configure:2780: checking for gcc option to accept ANSI C
configure:2850: gcc  -c -I /usr/local/lib/python2.7/site-packages/numpy-1.9.2-py2.7-macosx-10.10-x86_64.egg/numpy/core/include   conftest.c >&5
configure:2856: $? = 0
configure:2860: test -z 
			 || test ! -s conftest.err
configure:2863: $? = 0
configure:2866: test -s conftest.o
configure:2869: $? = 0
configure:2887: result: none needed
configure:2905: gcc -c -I /usr/local/lib/python2.7/site-packages/numpy-1.9.2-py2.7-macosx-10.10-x86_64.egg/numpy/core/include   conftest.c >&5
conftest.c:2:3: error: unknown type name 'choke'
  choke me
  ^
conftest.c:2:11: error: expected ';' after top level declarator
  choke me
          ^
          ;
2 errors generated.
configure:2911: $? = 1
configure: failed program was:
| #ifndef __cplusplus
|   choke me
| #endif
configure:3055: checking for style of include used by make
configure:3083: result: GNU
configure:3111: checking dependency style of gcc
configure:3201: result: gcc3
configure:3218: checking for a sed that does not truncate output
configure:3272: result: /usr/bin/sed
configure:3348: checking for egrep
configure:3358: result: grep -E
configure:3374: checking for ld used by gcc
configure:3441: result: /Applications/Xcode.app/Contents/Developer/Toolchains/XcodeDefault.xctoolchain/usr/bin/ld
configure:3450: checking if the linker (/Applications/Xcode.app/Contents/Developer/Toolchains/XcodeDefault.xctoolchain/usr/bin/ld) is GNU ld
configure:3465: result: no
configure:3470: checking for /Applications/Xcode.app/Contents/Developer/Toolchains/XcodeDefault.xctoolchain/usr/bin/ld option to reload object files
configure:3477: result: -r
configure:3495: checking for BSD-compatible nm
configure:3544: result: /usr/bin/nm
configure:3548: checking whether ln -s works
configure:3552: result: yes
configure:3559: checking how to recognise dependent libraries
configure:3735: result: pass_all
configure:3972: checking how to run the C preprocessor
configure:4007: gcc -E  conftest.c
configure:4013: $? = 0
configure:4045: gcc -E  conftest.c
conftest.c:13:10: fatal error: 'ac_nonexistent.h' file not found
#include <ac_nonexistent.h>
         ^
1 error generated.
configure:4051: $? = 1
configure: failed program was:
| /* confdefs.h.  */
| 
| #define PACKAGE_NAME ""
| #define PACKAGE_TARNAME ""
| #define PACKAGE_VERSION ""
| #define PACKAGE_STRING ""
| #define PACKAGE_BUGREPORT ""
| #define PACKAGE "jep"
| #define VERSION "2.3"
| #define USE_DEALLOC 1
| #define USE_MAPPED_EXCEPTIONS 1
| /* end confdefs.h.  */
| #include <ac_nonexistent.h>
configure:4090: result: gcc -E
configure:4114: gcc -E  conftest.c
configure:4120: $? = 0
configure:4152: gcc -E  conftest.c
conftest.c:13:10: fatal error: 'ac_nonexistent.h' file not found
#include <ac_nonexistent.h>
         ^
1 error generated.
configure:4158: $? = 1
configure: failed program was:
| /* confdefs.h.  */
| 
| #define PACKAGE_NAME ""
| #define PACKAGE_TARNAME ""
| #define PACKAGE_VERSION ""
| #define PACKAGE_STRING ""
| #define PACKAGE_BUGREPORT ""
| #define PACKAGE "jep"
| #define VERSION "2.3"
| #define USE_DEALLOC 1
| #define USE_MAPPED_EXCEPTIONS 1
| /* end confdefs.h.  */
| #include <ac_nonexistent.h>
configure:4202: checking for ANSI C header files
configure:4227: gcc -c -I /usr/local/lib/python2.7/site-packages/numpy-1.9.2-py2.7-macosx-10.10-x86_64.egg/numpy/core/include   conftest.c >&5
configure:4233: $? = 0
configure:4237: test -z 
			 || test ! -s conftest.err
configure:4240: $? = 0
configure:4243: test -s conftest.o
configure:4246: $? = 0
configure:4335: gcc -o conftest -I /usr/local/lib/python2.7/site-packages/numpy-1.9.2-py2.7-macosx-10.10-x86_64.egg/numpy/core/include    conftest.c  >&5
conftest.c:30:7: warning: implicitly declaring library function 'exit' with type 'void (int) __attribute__((noreturn))'
      exit(2);
      ^
conftest.c:30:7: note: please include the header <stdlib.h> or explicitly provide a declaration for 'exit'
1 warning generated.
configure:4338: $? = 0
configure:4340: ./conftest
configure:4343: $? = 0
configure:4358: result: yes
configure:4382: checking for sys/types.h
configure:4398: gcc -c -I /usr/local/lib/python2.7/site-packages/numpy-1.9.2-py2.7-macosx-10.10-x86_64.egg/numpy/core/include   conftest.c >&5
configure:4404: $? = 0
configure:4408: test -z 
			 || test ! -s conftest.err
configure:4411: $? = 0
configure:4414: test -s conftest.o
configure:4417: $? = 0
configure:4428: result: yes
configure:4382: checking for sys/stat.h
configure:4398: gcc -c -I /usr/local/lib/python2.7/site-packages/numpy-1.9.2-py2.7-macosx-10.10-x86_64.egg/numpy/core/include   conftest.c >&5
configure:4404: $? = 0
configure:4408: test -z 
			 || test ! -s conftest.err
configure:4411: $? = 0
configure:4414: test -s conftest.o
configure:4417: $? = 0
configure:4428: result: yes
configure:4382: checking for stdlib.h
configure:4398: gcc -c -I /usr/local/lib/python2.7/site-packages/numpy-1.9.2-py2.7-macosx-10.10-x86_64.egg/numpy/core/include   conftest.c >&5
configure:4404: $? = 0
configure:4408: test -z 
			 || test ! -s conftest.err
configure:4411: $? = 0
configure:4414: test -s conftest.o
configure:4417: $? = 0
configure:4428: result: yes
configure:4382: checking for string.h
configure:4398: gcc -c -I /usr/local/lib/python2.7/site-packages/numpy-1.9.2-py2.7-macosx-10.10-x86_64.egg/numpy/core/include   conftest.c >&5
configure:4404: $? = 0
configure:4408: test -z 
			 || test ! -s conftest.err
configure:4411: $? = 0
configure:4414: test -s conftest.o
configure:4417: $? = 0
configure:4428: result: yes
configure:4382: checking for memory.h
configure:4398: gcc -c -I /usr/local/lib/python2.7/site-packages/numpy-1.9.2-py2.7-macosx-10.10-x86_64.egg/numpy/core/include   conftest.c >&5
configure:4404: $? = 0
configure:4408: test -z 
			 || test ! -s conftest.err
configure:4411: $? = 0
configure:4414: test -s conftest.o
configure:4417: $? = 0
configure:4428: result: yes
configure:4382: checking for strings.h
configure:4398: gcc -c -I /usr/local/lib/python2.7/site-packages/numpy-1.9.2-py2.7-macosx-10.10-x86_64.egg/numpy/core/include   conftest.c >&5
configure:4404: $? = 0
configure:4408: test -z 
			 || test ! -s conftest.err
configure:4411: $? = 0
configure:4414: test -s conftest.o
configure:4417: $? = 0
configure:4428: result: yes
configure:4382: checking for inttypes.h
configure:4398: gcc -c -I /usr/local/lib/python2.7/site-packages/numpy-1.9.2-py2.7-macosx-10.10-x86_64.egg/numpy/core/include   conftest.c >&5
configure:4404: $? = 0
configure:4408: test -z 
			 || test ! -s conftest.err
configure:4411: $? = 0
configure:4414: test -s conftest.o
configure:4417: $? = 0
configure:4428: result: yes
configure:4382: checking for stdint.h
configure:4398: gcc -c -I /usr/local/lib/python2.7/site-packages/numpy-1.9.2-py2.7-macosx-10.10-x86_64.egg/numpy/core/include   conftest.c >&5
configure:4404: $? = 0
configure:4408: test -z 
			 || test ! -s conftest.err
configure:4411: $? = 0
configure:4414: test -s conftest.o
configure:4417: $? = 0
configure:4428: result: yes
configure:4382: checking for unistd.h
configure:4398: gcc -c -I /usr/local/lib/python2.7/site-packages/numpy-1.9.2-py2.7-macosx-10.10-x86_64.egg/numpy/core/include   conftest.c >&5
configure:4404: $? = 0
configure:4408: test -z 
			 || test ! -s conftest.err
configure:4411: $? = 0
configure:4414: test -s conftest.o
configure:4417: $? = 0
configure:4428: result: yes
configure:4454: checking dlfcn.h usability
configure:4466: gcc -c -I /usr/local/lib/python2.7/site-packages/numpy-1.9.2-py2.7-macosx-10.10-x86_64.egg/numpy/core/include   conftest.c >&5
configure:4472: $? = 0
configure:4476: test -z 
			 || test ! -s conftest.err
configure:4479: $? = 0
configure:4482: test -s conftest.o
configure:4485: $? = 0
configure:4495: result: yes
configure:4499: checking dlfcn.h presence
configure:4509: gcc -E  conftest.c
configure:4515: $? = 0
configure:4535: result: yes
configure:4570: checking for dlfcn.h
configure:4577: result: yes
configure:4642: checking for g++
configure:4658: found /usr/bin/g++
configure:4668: result: g++
configure:4684: checking for C++ compiler version
configure:4687: g++ --version </dev/null >&5
Configured with: --prefix=/Applications/Xcode.app/Contents/Developer/usr --with-gxx-include-dir=/usr/include/c++/4.2.1
Apple LLVM version 6.0 (clang-600.0.56) (based on LLVM 3.5svn)
Target: x86_64-apple-darwin14.0.0
Thread model: posix
configure:4690: $? = 0
configure:4692: g++ -v </dev/null >&5
Configured with: --prefix=/Applications/Xcode.app/Contents/Developer/usr --with-gxx-include-dir=/usr/include/c++/4.2.1
Apple LLVM version 6.0 (clang-600.0.56) (based on LLVM 3.5svn)
Target: x86_64-apple-darwin14.0.0
Thread model: posix
configure:4695: $? = 0
configure:4697: g++ -V </dev/null >&5
clang: error: argument to '-V' is missing (expected 1 value)
clang: error: no input files
configure:4700: $? = 1
configure:4703: checking whether we are using the GNU C++ compiler
configure:4727: g++ -c   conftest.cc >&5
configure:4733: $? = 0
configure:4737: test -z 
			 || test ! -s conftest.err
configure:4740: $? = 0
configure:4743: test -s conftest.o
configure:4746: $? = 0
configure:4759: result: yes
configure:4765: checking whether g++ accepts -g
configure:4786: g++ -c -g  conftest.cc >&5
configure:4792: $? = 0
configure:4796: test -z 
			 || test ! -s conftest.err
configure:4799: $? = 0
configure:4802: test -s conftest.o
configure:4805: $? = 0
configure:4816: result: yes
configure:4858: g++ -c -g -O2  conftest.cc >&5
configure:4864: $? = 0
configure:4868: test -z 
			 || test ! -s conftest.err
configure:4871: $? = 0
configure:4874: test -s conftest.o
configure:4877: $? = 0
configure:4903: g++ -c -g -O2  conftest.cc >&5
conftest.cc:28:1: error: use of undeclared identifier 'exit'
exit (42);
^
1 error generated.
configure:4909: $? = 1
configure: failed program was:
| /* confdefs.h.  */
| 
| #define PACKAGE_NAME ""
| #define PACKAGE_TARNAME ""
| #define PACKAGE_VERSION ""
| #define PACKAGE_STRING ""
| #define PACKAGE_BUGREPORT ""
| #define PACKAGE "jep"
| #define VERSION "2.3"
| #define USE_DEALLOC 1
| #define USE_MAPPED_EXCEPTIONS 1
| #define STDC_HEADERS 1
| #define HAVE_SYS_TYPES_H 1
| #define HAVE_SYS_STAT_H 1
| #define HAVE_STDLIB_H 1
| #define HAVE_STRING_H 1
| #define HAVE_MEMORY_H 1
| #define HAVE_STRINGS_H 1
| #define HAVE_INTTYPES_H 1
| #define HAVE_STDINT_H 1
| #define HAVE_UNISTD_H 1
| #define HAVE_DLFCN_H 1
| /* end confdefs.h.  */
| 
| int
| main ()
| {
| exit (42);
|   ;
|   return 0;
| }
configure:4858: g++ -c -g -O2  conftest.cc >&5
conftest.cc:24:17: error: use of undeclared identifier 'std'
extern "C" void std::exit (int) throw (); using std::exit;
                ^
conftest.cc:24:49: error: use of undeclared identifier 'std'
extern "C" void std::exit (int) throw (); using std::exit;
                                                ^
2 errors generated.
configure:4864: $? = 1
configure: failed program was:
| /* confdefs.h.  */
| 
| #define PACKAGE_NAME ""
| #define PACKAGE_TARNAME ""
| #define PACKAGE_VERSION ""
| #define PACKAGE_STRING ""
| #define PACKAGE_BUGREPORT ""
| #define PACKAGE "jep"
| #define VERSION "2.3"
| #define USE_DEALLOC 1
| #define USE_MAPPED_EXCEPTIONS 1
| #define STDC_HEADERS 1
| #define HAVE_SYS_TYPES_H 1
| #define HAVE_SYS_STAT_H 1
| #define HAVE_STDLIB_H 1
| #define HAVE_STRING_H 1
| #define HAVE_MEMORY_H 1
| #define HAVE_STRINGS_H 1
| #define HAVE_INTTYPES_H 1
| #define HAVE_STDINT_H 1
| #define HAVE_UNISTD_H 1
| #define HAVE_DLFCN_H 1
| /* end confdefs.h.  */
| extern "C" void std::exit (int) throw (); using std::exit;
| #include <stdlib.h>
| int
| main ()
| {
| exit (42);
|   ;
|   return 0;
| }
configure:4858: g++ -c -g -O2  conftest.cc >&5
conftest.cc:24:17: error: use of undeclared identifier 'std'
extern "C" void std::exit (int); using std::exit;
                ^
conftest.cc:24:40: error: use of undeclared identifier 'std'
extern "C" void std::exit (int); using std::exit;
                                       ^
2 errors generated.
configure:4864: $? = 1
configure: failed program was:
| /* confdefs.h.  */
| 
| #define PACKAGE_NAME ""
| #define PACKAGE_TARNAME ""
| #define PACKAGE_VERSION ""
| #define PACKAGE_STRING ""
| #define PACKAGE_BUGREPORT ""
| #define PACKAGE "jep"
| #define VERSION "2.3"
| #define USE_DEALLOC 1
| #define USE_MAPPED_EXCEPTIONS 1
| #define STDC_HEADERS 1
| #define HAVE_SYS_TYPES_H 1
| #define HAVE_SYS_STAT_H 1
| #define HAVE_STDLIB_H 1
| #define HAVE_STRING_H 1
| #define HAVE_MEMORY_H 1
| #define HAVE_STRINGS_H 1
| #define HAVE_INTTYPES_H 1
| #define HAVE_STDINT_H 1
| #define HAVE_UNISTD_H 1
| #define HAVE_DLFCN_H 1
| /* end confdefs.h.  */
| extern "C" void std::exit (int); using std::exit;
| #include <stdlib.h>
| int
| main ()
| {
| exit (42);
|   ;
|   return 0;
| }
configure:4858: g++ -c -g -O2  conftest.cc >&5
configure:4864: $? = 0
configure:4868: test -z 
			 || test ! -s conftest.err
configure:4871: $? = 0
configure:4874: test -s conftest.o
configure:4877: $? = 0
configure:4903: g++ -c -g -O2  conftest.cc >&5
configure:4909: $? = 0
configure:4913: test -z 
			 || test ! -s conftest.err
configure:4916: $? = 0
configure:4919: test -s conftest.o
configure:4922: $? = 0
configure:4947: checking dependency style of g++
configure:5037: result: gcc3
configure:5064: checking how to run the C++ preprocessor
configure:5095: g++ -E  conftest.cc
configure:5101: $? = 0
configure:5133: g++ -E  conftest.cc
conftest.cc:27:10: fatal error: 'ac_nonexistent.h' file not found
#include <ac_nonexistent.h>
         ^
1 error generated.
configure:5139: $? = 1
configure: failed program was:
| /* confdefs.h.  */
| 
| #define PACKAGE_NAME ""
| #define PACKAGE_TARNAME ""
| #define PACKAGE_VERSION ""
| #define PACKAGE_STRING ""
| #define PACKAGE_BUGREPORT ""
| #define PACKAGE "jep"
| #define VERSION "2.3"
| #define USE_DEALLOC 1
| #define USE_MAPPED_EXCEPTIONS 1
| #define STDC_HEADERS 1
| #define HAVE_SYS_TYPES_H 1
| #define HAVE_SYS_STAT_H 1
| #define HAVE_STDLIB_H 1
| #define HAVE_STRING_H 1
| #define HAVE_MEMORY_H 1
| #define HAVE_STRINGS_H 1
| #define HAVE_INTTYPES_H 1
| #define HAVE_STDINT_H 1
| #define HAVE_UNISTD_H 1
| #define HAVE_DLFCN_H 1
| #ifdef __cplusplus
| extern "C" void exit (int) throw ();
| #endif
| /* end confdefs.h.  */
| #include <ac_nonexistent.h>
configure:5178: result: g++ -E
configure:5202: g++ -E  conftest.cc
configure:5208: $? = 0
configure:5240: g++ -E  conftest.cc
conftest.cc:27:10: fatal error: 'ac_nonexistent.h' file not found
#include <ac_nonexistent.h>
         ^
1 error generated.
configure:5246: $? = 1
configure: failed program was:
| /* confdefs.h.  */
| 
| #define PACKAGE_NAME ""
| #define PACKAGE_TARNAME ""
| #define PACKAGE_VERSION ""
| #define PACKAGE_STRING ""
| #define PACKAGE_BUGREPORT ""
| #define PACKAGE "jep"
| #define VERSION "2.3"
| #define USE_DEALLOC 1
| #define USE_MAPPED_EXCEPTIONS 1
| #define STDC_HEADERS 1
| #define HAVE_SYS_TYPES_H 1
| #define HAVE_SYS_STAT_H 1
| #define HAVE_STDLIB_H 1
| #define HAVE_STRING_H 1
| #define HAVE_MEMORY_H 1
| #define HAVE_STRINGS_H 1
| #define HAVE_INTTYPES_H 1
| #define HAVE_STDINT_H 1
| #define HAVE_UNISTD_H 1
| #define HAVE_DLFCN_H 1
| #ifdef __cplusplus
| extern "C" void exit (int) throw ();
| #endif
| /* end confdefs.h.  */
| #include <ac_nonexistent.h>
configure:5343: checking for g77
configure:5372: result: no
configure:5343: checking for f77
configure:5372: result: no
configure:5343: checking for xlf
configure:5372: result: no
configure:5343: checking for frt
configure:5372: result: no
configure:5343: checking for pgf77
configure:5372: result: no
configure:5343: checking for fort77
configure:5372: result: no
configure:5343: checking for fl32
configure:5372: result: no
configure:5343: checking for af77
configure:5372: result: no
configure:5343: checking for f90
configure:5372: result: no
configure:5343: checking for xlf90
configure:5372: result: no
configure:5343: checking for pgf90
configure:5372: result: no
configure:5343: checking for epcf90
configure:5372: result: no
configure:5343: checking for f95
configure:5372: result: no
configure:5343: checking for fort
configure:5372: result: no
configure:5343: checking for xlf95
configure:5372: result: no
configure:5343: checking for ifc
configure:5372: result: no
configure:5343: checking for efc
configure:5372: result: no
configure:5343: checking for pgf95
configure:5372: result: no
configure:5343: checking for lf95
configure:5372: result: no
configure:5343: checking for gfortran
configure:5372: result: no
configure:5384: checking for Fortran 77 compiler version
configure:5387:  --version </dev/null >&5
./configure: line 5388: --version: command not found
configure:5390: $? = 127
configure:5392:  -v </dev/null >&5
./configure: line 5393: -v: command not found
configure:5395: $? = 127
configure:5397:  -V </dev/null >&5
./configure: line 5398: -V: command not found
configure:5400: $? = 127
configure:5408: checking whether we are using the GNU Fortran 77 compiler
configure:5422:  -c  conftest.F >&5
./configure: line 5423: -c: command not found
configure:5428: $? = 127
configure: failed program was:
|       program main
| #ifndef __GNUC__
|        choke me
| #endif
| 
|       end
configure:5454: result: no
configure:5460: checking whether  accepts -g
configure:5472:  -c -g conftest.f >&5
./configure: line 5473: -c: command not found
configure:5478: $? = 127
configure: failed program was:
|       program main
| 
|       end
configure:5503: result: no
configure:5533: checking the maximum length of command line arguments
configure:5642: result: 196608
configure:5653: checking command to parse /usr/bin/nm output from gcc object
configure:5758: gcc -c -I /usr/local/lib/python2.7/site-packages/numpy-1.9.2-py2.7-macosx-10.10-x86_64.egg/numpy/core/include   conftest.c >&5
configure:5761: $? = 0
configure:5765: /usr/bin/nm conftest.o \| sed -n -e 's/^.*[ 	]\([BCDEGRST][BCDEGRST]*\)[ 	][ 	]*\([_A-Za-z][_A-Za-z0-9]*\)$/\1 \2 \2/p' \> conftest.nm
configure:5768: $? = 0
cannot find nm_test_var in conftest.nm
configure:5758: gcc -c -I /usr/local/lib/python2.7/site-packages/numpy-1.9.2-py2.7-macosx-10.10-x86_64.egg/numpy/core/include   conftest.c >&5
configure:5761: $? = 0
configure:5765: /usr/bin/nm conftest.o \| sed -n -e 's/^.*[ 	]\([BCDEGRST][BCDEGRST]*\)[ 	][ 	]*_\([_A-Za-z][_A-Za-z0-9]*\)$/\1 _\2 \2/p' \> conftest.nm
configure:5768: $? = 0
configure:5820: gcc -o conftest -I /usr/local/lib/python2.7/site-packages/numpy-1.9.2-py2.7-macosx-10.10-x86_64.egg/numpy/core/include    conftest.c conftstm.o >&5
configure:5823: $? = 0
configure:5861: result: ok
configure:5865: checking for objdir
configure:5880: result: .libs
configure:5970: checking for ar
configure:5986: found /usr/bin/ar
configure:5997: result: ar
configure:6050: checking for ranlib
configure:6066: found /usr/bin/ranlib
configure:6077: result: ranlib
configure:6130: checking for strip
configure:6146: found /usr/bin/strip
configure:6157: result: strip
configure:6429: checking if gcc supports -fno-rtti -fno-exceptions
configure:6447: gcc -c -I /usr/local/lib/python2.7/site-packages/numpy-1.9.2-py2.7-macosx-10.10-x86_64.egg/numpy/core/include   -fno-rtti -fno-exceptions conftest.c >&5
configure:6451: $? = 0
configure:6464: result: yes
configure:6479: checking for gcc option to produce PIC
configure:6689: result: -fno-common
configure:6697: checking if gcc PIC flag -fno-common works
configure:6715: gcc -c -I /usr/local/lib/python2.7/site-packages/numpy-1.9.2-py2.7-macosx-10.10-x86_64.egg/numpy/core/include   -fno-common -DPIC conftest.c >&5
configure:6719: $? = 0
configure:6732: result: yes
configure:6760: checking if gcc static flag -static works
configure:6788: result: no
configure:6798: checking if gcc supports -c -o file.o
configure:6819: gcc -c -I /usr/local/lib/python2.7/site-packages/numpy-1.9.2-py2.7-macosx-10.10-x86_64.egg/numpy/core/include   -o out/conftest2.o conftest.c >&5
configure:6823: $? = 0
configure:6845: result: yes
configure:6871: checking whether the gcc linker (/Applications/Xcode.app/Contents/Developer/Toolchains/XcodeDefault.xctoolchain/usr/bin/ld) supports shared libraries
configure:7829: result: yes
configure:7896: checking dynamic linker characteristics
configure:8505: result: darwin14.0.0 dyld
configure:8514: checking how to hardcode library paths into programs
configure:8539: result: immediate
configure:8553: checking whether stripping libraries is possible
configure:8566: result: yes
configure:9392: checking if libtool supports shared libraries
configure:9394: result: yes
configure:9397: checking whether to build shared libraries
configure:9418: result: yes
configure:9421: checking whether to build static libraries
configure:9425: result: yes
configure:9517: creating libtool
configure:10108: checking for ld used by g++
configure:10175: result: /Applications/Xcode.app/Contents/Developer/Toolchains/XcodeDefault.xctoolchain/usr/bin/ld
configure:10184: checking if the linker (/Applications/Xcode.app/Contents/Developer/Toolchains/XcodeDefault.xctoolchain/usr/bin/ld) is GNU ld
configure:10199: result: no
configure:10250: checking whether the g++ linker (/Applications/Xcode.app/Contents/Developer/Toolchains/XcodeDefault.xctoolchain/usr/bin/ld) supports shared libraries
configure:11188: result: yes
configure:11206: g++ -c -g -O2  conftest.cpp >&5
configure:11209: $? = 0
configure:11328: checking for g++ option to produce PIC
configure:11602: result: -fno-common
configure:11610: checking if g++ PIC flag -fno-common works
configure:11628: g++ -c -g -O2  -fno-common -DPIC conftest.cpp >&5
configure:11632: $? = 0
configure:11645: result: yes
configure:11673: checking if g++ static flag -static works
configure:11701: result: no
configure:11711: checking if g++ supports -c -o file.o
configure:11732: g++ -c -g -O2  -o out/conftest2.o conftest.cpp >&5
configure:11736: $? = 0
configure:11758: result: yes
configure:11784: checking whether the g++ linker (/Applications/Xcode.app/Contents/Developer/Toolchains/XcodeDefault.xctoolchain/usr/bin/ld) supports shared libraries
configure:11809: result: yes
configure:11876: checking dynamic linker characteristics
configure:12485: result: darwin14.0.0 dyld
configure:12494: checking how to hardcode library paths into programs
configure:12519: result: immediate
configure:18725: checking if JAVA_HOME is set
configure:18734: result: yes
configure:18741: checking for javac
configure:18759: found /Library/Java/JavaVirtualMachines/jdk1.7.0_79.jdk/Contents/Home/bin/javac
configure:18771: result: /Library/Java/JavaVirtualMachines/jdk1.7.0_79.jdk/Contents/Home/bin/javac
configure:18780: checking for jni.h
configure:18815: gcc -c -I /usr/local/lib/python2.7/site-packages/numpy-1.9.2-py2.7-macosx-10.10-x86_64.egg/numpy/core/include   -I/Library/Java/JavaVirtualMachines/jdk1.7.0_79.jdk/Contents/Home/include -I/Library/Java/JavaVirtualMachines/jdk1.7.0_79.jdk/Contents/Home/include/darwin conftest.c >&5
configure:18821: $? = 0
configure:18825: test -z 
			 || test ! -s conftest.err
configure:18828: $? = 0
configure:18831: test -s conftest.o
configure:18834: $? = 0
configure:18849: result: yes
configure:18853: checking for libjvm
configure:18862: result: -Xlinker -framework -Xlinker JavaVM
configure:18877: checking for javax.script
configure:18902: /Library/Java/JavaVirtualMachines/jdk1.7.0_79.jdk/Contents/Home/bin/javac  Test.java
configure:18905: $? = 0
configure:18918: result: yes
configure:18924: checking how to disable long double warning
configure:18944: gcc -c -I /usr/local/lib/python2.7/site-packages/numpy-1.9.2-py2.7-macosx-10.10-x86_64.egg/numpy/core/include   -I/Library/Java/JavaVirtualMachines/jdk1.7.0_79.jdk/Contents/Home/include -I/Library/Java/JavaVirtualMachines/jdk1.7.0_79.jdk/Contents/Home/include/darwin -Wno-long-double conftest.c >&5
warning: unknown warning option '-Wno-long-double'; did you mean '-Wno-long-long'? [-Wunknown-warning-option]
1 warning generated.
configure:18950: $? = 0
configure:18954: test -z 
			 || test ! -s conftest.err
configure:18957: $? = 0
configure:18960: test -s conftest.o
configure:18963: $? = 0
configure:18975: result: -Wno-long-double
configure:18983: checking for float
configure:19007: gcc -c -I /usr/local/lib/python2.7/site-packages/numpy-1.9.2-py2.7-macosx-10.10-x86_64.egg/numpy/core/include   -I/Library/Java/JavaVirtualMachines/jdk1.7.0_79.jdk/Contents/Home/include -I/Library/Java/JavaVirtualMachines/jdk1.7.0_79.jdk/Contents/Home/include/darwin -Wno-long-double conftest.c >&5
warning: unknown warning option '-Wno-long-double'; did you mean '-Wno-long-long'? [-Wunknown-warning-option]
1 warning generated.
configure:19013: $? = 0
configure:19017: test -z 
			 || test ! -s conftest.err
configure:19020: $? = 0
configure:19023: test -s conftest.o
configure:19026: $? = 0
configure:19037: result: yes
configure:19040: checking size of float
configure:19359: gcc -o conftest -I /usr/local/lib/python2.7/site-packages/numpy-1.9.2-py2.7-macosx-10.10-x86_64.egg/numpy/core/include   -I/Library/Java/JavaVirtualMachines/jdk1.7.0_79.jdk/Contents/Home/include -I/Library/Java/JavaVirtualMachines/jdk1.7.0_79.jdk/Contents/Home/include/darwin -Wno-long-double  conftest.c  >&5
warning: unknown warning option '-Wno-long-double'; did you mean '-Wno-long-long'? [-Wunknown-warning-option]
1 warning generated.
configure:19362: $? = 0
configure:19364: ./conftest
configure:19367: $? = 0
configure:19390: result: 4
configure:19400: checking for python
configure:19418: found /usr/local/bin/python
configure:19430: result: /usr/local/bin/python
configure:19444: checking Python installation directories
configure:19463: result: /usr/local/Cellar/python/2.7.9/Frameworks/Python.framework/Versions/2.7/lib/python2.7
configure:19468: checking how to link an embedded Python application
configure:19488: result: -L/usr/local/Cellar/python/2.7.9/Frameworks/Python.framework/Versions/2.7/lib/python2.7/config -ldl -framework CoreFoundation -lpython2.7 
configure:19500: checking python version >= 2
configure:19526: gcc -c -I /usr/local/lib/python2.7/site-packages/numpy-1.9.2-py2.7-macosx-10.10-x86_64.egg/numpy/core/include   -I/Library/Java/JavaVirtualMachines/jdk1.7.0_79.jdk/Contents/Home/include -I/Library/Java/JavaVirtualMachines/jdk1.7.0_79.jdk/Contents/Home/include/darwin -Wno-long-double -I/usr/local/Cellar/python/2.7.9/Frameworks/Python.framework/Versions/2.7/include/python2.7 conftest.c >&5
warning: unknown warning option '-Wno-long-double'; did you mean '-Wno-long-long'? [-Wunknown-warning-option]
1 warning generated.
configure:19532: $? = 0
configure:19536: test -z 
			 || test ! -s conftest.err
configure:19539: $? = 0
configure:19542: test -s conftest.o
configure:19545: $? = 0
configure:19547: result: yes
configure:19560: checking python has threads
configure:19583: gcc -c -I /usr/local/lib/python2.7/site-packages/numpy-1.9.2-py2.7-macosx-10.10-x86_64.egg/numpy/core/include   -I/Library/Java/JavaVirtualMachines/jdk1.7.0_79.jdk/Contents/Home/include -I/Library/Java/JavaVirtualMachines/jdk1.7.0_79.jdk/Contents/Home/include/darwin -Wno-long-double -I/usr/local/Cellar/python/2.7.9/Frameworks/Python.framework/Versions/2.7/include/python2.7 conftest.c >&5
warning: unknown warning option '-Wno-long-double'; did you mean '-Wno-long-long'? [-Wunknown-warning-option]
1 warning generated.
configure:19589: $? = 0
configure:19593: test -z 
			 || test ! -s conftest.err
configure:19596: $? = 0
configure:19599: test -s conftest.o
configure:19602: $? = 0
configure:19604: result: yes
configure:19617: checking for ANSI C header files
configure:19773: result: yes
configure:19802: checking for unistd.h
configure:19807: result: yes
configure:19811: checking sys/param.h usability
configure:19823: gcc -c -I /usr/local/lib/python2.7/site-packages/numpy-1.9.2-py2.7-macosx-10.10-x86_64.egg/numpy/core/include   -I/Library/Java/JavaVirtualMachines/jdk1.7.0_79.jdk/Contents/Home/include -I/Library/Java/JavaVirtualMachines/jdk1.7.0_79.jdk/Contents/Home/include/darwin -Wno-long-double -I/usr/local/Cellar/python/2.7.9/Frameworks/Python.framework/Versions/2.7/include/python2.7 conftest.c >&5
warning: unknown warning option '-Wno-long-double'; did you mean '-Wno-long-long'? [-Wunknown-warning-option]
1 warning generated.
configure:19829: $? = 0
configure:19833: test -z 
			 || test ! -s conftest.err
configure:19836: $? = 0
configure:19839: test -s conftest.o
configure:19842: $? = 0
configure:19852: result: yes
configure:19856: checking sys/param.h presence
configure:19866: gcc -E  -I/Library/Java/JavaVirtualMachines/jdk1.7.0_79.jdk/Contents/Home/include -I/Library/Java/JavaVirtualMachines/jdk1.7.0_79.jdk/Contents/Home/include/darwin -Wno-long-double -I/usr/local/Cellar/python/2.7.9/Frameworks/Python.framework/Versions/2.7/include/python2.7 conftest.c
warning: unknown warning option '-Wno-long-double'; did you mean '-Wno-long-long'? [-Wunknown-warning-option]
1 warning generated.
configure:19872: $? = 0
configure:19892: result: yes
configure:19927: checking for sys/param.h
configure:19934: result: yes
configure:19811: checking sys/time.h usability
configure:19823: gcc -c -I /usr/local/lib/python2.7/site-packages/numpy-1.9.2-py2.7-macosx-10.10-x86_64.egg/numpy/core/include   -I/Library/Java/JavaVirtualMachines/jdk1.7.0_79.jdk/Contents/Home/include -I/Library/Java/JavaVirtualMachines/jdk1.7.0_79.jdk/Contents/Home/include/darwin -Wno-long-double -I/usr/local/Cellar/python/2.7.9/Frameworks/Python.framework/Versions/2.7/include/python2.7 conftest.c >&5
warning: unknown warning option '-Wno-long-double'; did you mean '-Wno-long-long'? [-Wunknown-warning-option]
1 warning generated.
configure:19829: $? = 0
configure:19833: test -z 
			 || test ! -s conftest.err
configure:19836: $? = 0
configure:19839: test -s conftest.o
configure:19842: $? = 0
configure:19852: result: yes
configure:19856: checking sys/time.h presence
configure:19866: gcc -E  -I/Library/Java/JavaVirtualMachines/jdk1.7.0_79.jdk/Contents/Home/include -I/Library/Java/JavaVirtualMachines/jdk1.7.0_79.jdk/Contents/Home/include/darwin -Wno-long-double -I/usr/local/Cellar/python/2.7.9/Frameworks/Python.framework/Versions/2.7/include/python2.7 conftest.c
warning: unknown warning option '-Wno-long-double'; did you mean '-Wno-long-long'? [-Wunknown-warning-option]
1 warning generated.
configure:19872: $? = 0
configure:19892: result: yes
configure:19927: checking for sys/time.h
configure:19934: result: yes
configure:19811: checking time.h usability
configure:19823: gcc -c -I /usr/local/lib/python2.7/site-packages/numpy-1.9.2-py2.7-macosx-10.10-x86_64.egg/numpy/core/include   -I/Library/Java/JavaVirtualMachines/jdk1.7.0_79.jdk/Contents/Home/include -I/Library/Java/JavaVirtualMachines/jdk1.7.0_79.jdk/Contents/Home/include/darwin -Wno-long-double -I/usr/local/Cellar/python/2.7.9/Frameworks/Python.framework/Versions/2.7/include/python2.7 conftest.c >&5
warning: unknown warning option '-Wno-long-double'; did you mean '-Wno-long-long'? [-Wunknown-warning-option]
1 warning generated.
configure:19829: $? = 0
configure:19833: test -z 
			 || test ! -s conftest.err
configure:19836: $? = 0
configure:19839: test -s conftest.o
configure:19842: $? = 0
configure:19852: result: yes
configure:19856: checking time.h presence
configure:19866: gcc -E  -I/Library/Java/JavaVirtualMachines/jdk1.7.0_79.jdk/Contents/Home/include -I/Library/Java/JavaVirtualMachines/jdk1.7.0_79.jdk/Contents/Home/include/darwin -Wno-long-double -I/usr/local/Cellar/python/2.7.9/Frameworks/Python.framework/Versions/2.7/include/python2.7 conftest.c
warning: unknown warning option '-Wno-long-double'; did you mean '-Wno-long-long'? [-Wunknown-warning-option]
1 warning generated.
configure:19872: $? = 0
configure:19892: result: yes
configure:19927: checking for time.h
configure:19934: result: yes
configure:19811: checking sys/mkdev.h usability
configure:19823: gcc -c -I /usr/local/lib/python2.7/site-packages/numpy-1.9.2-py2.7-macosx-10.10-x86_64.egg/numpy/core/include   -I/Library/Java/JavaVirtualMachines/jdk1.7.0_79.jdk/Contents/Home/include -I/Library/Java/JavaVirtualMachines/jdk1.7.0_79.jdk/Contents/Home/include/darwin -Wno-long-double -I/usr/local/Cellar/python/2.7.9/Frameworks/Python.framework/Versions/2.7/include/python2.7 conftest.c >&5
warning: unknown warning option '-Wno-long-double'; did you mean '-Wno-long-long'? [-Wunknown-warning-option]
conftest.c:67:10: fatal error: 'sys/mkdev.h' file not found
#include <sys/mkdev.h>
         ^
1 warning and 1 error generated.
configure:19829: $? = 1
configure: failed program was:
| /* confdefs.h.  */
| 
| #define PACKAGE_NAME ""
| #define PACKAGE_TARNAME ""
| #define PACKAGE_VERSION ""
| #define PACKAGE_STRING ""
| #define PACKAGE_BUGREPORT ""
| #define PACKAGE "jep"
| #define VERSION "2.3"
| #define USE_DEALLOC 1
| #define USE_MAPPED_EXCEPTIONS 1
| #define STDC_HEADERS 1
| #define HAVE_SYS_TYPES_H 1
| #define HAVE_SYS_STAT_H 1
| #define HAVE_STDLIB_H 1
| #define HAVE_STRING_H 1
| #define HAVE_MEMORY_H 1
| #define HAVE_STRINGS_H 1
| #define HAVE_INTTYPES_H 1
| #define HAVE_STDINT_H 1
| #define HAVE_UNISTD_H 1
| #define HAVE_DLFCN_H 1
| #ifdef __cplusplus
| extern "C" void exit (int) throw ();
| #endif
| #define SIZEOF_FLOAT 4
| #define STDC_HEADERS 1
| #define HAVE_UNISTD_H 1
| #define HAVE_SYS_PARAM_H 1
| #define HAVE_SYS_TIME_H 1
| #define HAVE_TIME_H 1
| /* end confdefs.h.  */
| #include <stdio.h>
| #if HAVE_SYS_TYPES_H
| # include <sys/types.h>
| #endif
| #if HAVE_SYS_STAT_H
| # include <sys/stat.h>
| #endif
| #if STDC_HEADERS
| # include <stdlib.h>
| # include <stddef.h>
| #else
| # if HAVE_STDLIB_H
| #  include <stdlib.h>
| # endif
| #endif
| #if HAVE_STRING_H
| # if !STDC_HEADERS && HAVE_MEMORY_H
| #  include <memory.h>
| # endif
| # include <string.h>
| #endif
| #if HAVE_STRINGS_H
| # include <strings.h>
| #endif
| #if HAVE_INTTYPES_H
| # include <inttypes.h>
| #else
| # if HAVE_STDINT_H
| #  include <stdint.h>
| # endif
| #endif
| #if HAVE_UNISTD_H
| # include <unistd.h>
| #endif
| #include <sys/mkdev.h>
configure:19852: result: no
configure:19856: checking sys/mkdev.h presence
configure:19866: gcc -E  -I/Library/Java/JavaVirtualMachines/jdk1.7.0_79.jdk/Contents/Home/include -I/Library/Java/JavaVirtualMachines/jdk1.7.0_79.jdk/Contents/Home/include/darwin -Wno-long-double -I/usr/local/Cellar/python/2.7.9/Frameworks/Python.framework/Versions/2.7/include/python2.7 conftest.c
warning: unknown warning option '-Wno-long-double'; did you mean '-Wno-long-long'? [-Wunknown-warning-option]
conftest.c:33:10: fatal error: 'sys/mkdev.h' file not found
#include <sys/mkdev.h>
         ^
1 warning and 1 error generated.
configure:19872: $? = 1
configure: failed program was:
| /* confdefs.h.  */
| 
| #define PACKAGE_NAME ""
| #define PACKAGE_TARNAME ""
| #define PACKAGE_VERSION ""
| #define PACKAGE_STRING ""
| #define PACKAGE_BUGREPORT ""
| #define PACKAGE "jep"
| #define VERSION "2.3"
| #define USE_DEALLOC 1
| #define USE_MAPPED_EXCEPTIONS 1
| #define STDC_HEADERS 1
| #define HAVE_SYS_TYPES_H 1
| #define HAVE_SYS_STAT_H 1
| #define HAVE_STDLIB_H 1
| #define HAVE_STRING_H 1
| #define HAVE_MEMORY_H 1
| #define HAVE_STRINGS_H 1
| #define HAVE_INTTYPES_H 1
| #define HAVE_STDINT_H 1
| #define HAVE_UNISTD_H 1
| #define HAVE_DLFCN_H 1
| #ifdef __cplusplus
| extern "C" void exit (int) throw ();
| #endif
| #define SIZEOF_FLOAT 4
| #define STDC_HEADERS 1
| #define HAVE_UNISTD_H 1
| #define HAVE_SYS_PARAM_H 1
| #define HAVE_SYS_TIME_H 1
| #define HAVE_TIME_H 1
| /* end confdefs.h.  */
| #include <sys/mkdev.h>
configure:19892: result: no
configure:19927: checking for sys/mkdev.h
configure:19934: result: no
configure:19811: checking sys/sysmacros.h usability
configure:19823: gcc -c -I /usr/local/lib/python2.7/site-packages/numpy-1.9.2-py2.7-macosx-10.10-x86_64.egg/numpy/core/include   -I/Library/Java/JavaVirtualMachines/jdk1.7.0_79.jdk/Contents/Home/include -I/Library/Java/JavaVirtualMachines/jdk1.7.0_79.jdk/Contents/Home/include/darwin -Wno-long-double -I/usr/local/Cellar/python/2.7.9/Frameworks/Python.framework/Versions/2.7/include/python2.7 conftest.c >&5
warning: unknown warning option '-Wno-long-double'; did you mean '-Wno-long-long'? [-Wunknown-warning-option]
conftest.c:67:10: fatal error: 'sys/sysmacros.h' file not found
#include <sys/sysmacros.h>
         ^
1 warning and 1 error generated.
configure:19829: $? = 1
configure: failed program was:
| /* confdefs.h.  */
| 
| #define PACKAGE_NAME ""
| #define PACKAGE_TARNAME ""
| #define PACKAGE_VERSION ""
| #define PACKAGE_STRING ""
| #define PACKAGE_BUGREPORT ""
| #define PACKAGE "jep"
| #define VERSION "2.3"
| #define USE_DEALLOC 1
| #define USE_MAPPED_EXCEPTIONS 1
| #define STDC_HEADERS 1
| #define HAVE_SYS_TYPES_H 1
| #define HAVE_SYS_STAT_H 1
| #define HAVE_STDLIB_H 1
| #define HAVE_STRING_H 1
| #define HAVE_MEMORY_H 1
| #define HAVE_STRINGS_H 1
| #define HAVE_INTTYPES_H 1
| #define HAVE_STDINT_H 1
| #define HAVE_UNISTD_H 1
| #define HAVE_DLFCN_H 1
| #ifdef __cplusplus
| extern "C" void exit (int) throw ();
| #endif
| #define SIZEOF_FLOAT 4
| #define STDC_HEADERS 1
| #define HAVE_UNISTD_H 1
| #define HAVE_SYS_PARAM_H 1
| #define HAVE_SYS_TIME_H 1
| #define HAVE_TIME_H 1
| /* end confdefs.h.  */
| #include <stdio.h>
| #if HAVE_SYS_TYPES_H
| # include <sys/types.h>
| #endif
| #if HAVE_SYS_STAT_H
| # include <sys/stat.h>
| #endif
| #if STDC_HEADERS
| # include <stdlib.h>
| # include <stddef.h>
| #else
| # if HAVE_STDLIB_H
| #  include <stdlib.h>
| # endif
| #endif
| #if HAVE_STRING_H
| # if !STDC_HEADERS && HAVE_MEMORY_H
| #  include <memory.h>
| # endif
| # include <string.h>
| #endif
| #if HAVE_STRINGS_H
| # include <strings.h>
| #endif
| #if HAVE_INTTYPES_H
| # include <inttypes.h>
| #else
| # if HAVE_STDINT_H
| #  include <stdint.h>
| # endif
| #endif
| #if HAVE_UNISTD_H
| # include <unistd.h>
| #endif
| #include <sys/sysmacros.h>
configure:19852: result: no
configure:19856: checking sys/sysmacros.h presence
configure:19866: gcc -E  -I/Library/Java/JavaVirtualMachines/jdk1.7.0_79.jdk/Contents/Home/include -I/Library/Java/JavaVirtualMachines/jdk1.7.0_79.jdk/Contents/Home/include/darwin -Wno-long-double -I/usr/local/Cellar/python/2.7.9/Frameworks/Python.framework/Versions/2.7/include/python2.7 conftest.c
warning: unknown warning option '-Wno-long-double'; did you mean '-Wno-long-long'? [-Wunknown-warning-option]
conftest.c:33:10: fatal error: 'sys/sysmacros.h' file not found
#include <sys/sysmacros.h>
         ^
1 warning and 1 error generated.
configure:19872: $? = 1
configure: failed program was:
| /* confdefs.h.  */
| 
| #define PACKAGE_NAME ""
| #define PACKAGE_TARNAME ""
| #define PACKAGE_VERSION ""
| #define PACKAGE_STRING ""
| #define PACKAGE_BUGREPORT ""
| #define PACKAGE "jep"
| #define VERSION "2.3"
| #define USE_DEALLOC 1
| #define USE_MAPPED_EXCEPTIONS 1
| #define STDC_HEADERS 1
| #define HAVE_SYS_TYPES_H 1
| #define HAVE_SYS_STAT_H 1
| #define HAVE_STDLIB_H 1
| #define HAVE_STRING_H 1
| #define HAVE_MEMORY_H 1
| #define HAVE_STRINGS_H 1
| #define HAVE_INTTYPES_H 1
| #define HAVE_STDINT_H 1
| #define HAVE_UNISTD_H 1
| #define HAVE_DLFCN_H 1
| #ifdef __cplusplus
| extern "C" void exit (int) throw ();
| #endif
| #define SIZEOF_FLOAT 4
| #define STDC_HEADERS 1
| #define HAVE_UNISTD_H 1
| #define HAVE_SYS_PARAM_H 1
| #define HAVE_SYS_TIME_H 1
| #define HAVE_TIME_H 1
| /* end confdefs.h.  */
| #include <sys/sysmacros.h>
configure:19892: result: no
configure:19927: checking for sys/sysmacros.h
configure:19934: result: no
configure:19802: checking for string.h
configure:19807: result: yes
configure:19802: checking for memory.h
configure:19807: result: yes
configure:19811: checking fcntl.h usability
configure:19823: gcc -c -I /usr/local/lib/python2.7/site-packages/numpy-1.9.2-py2.7-macosx-10.10-x86_64.egg/numpy/core/include   -I/Library/Java/JavaVirtualMachines/jdk1.7.0_79.jdk/Contents/Home/include -I/Library/Java/JavaVirtualMachines/jdk1.7.0_79.jdk/Contents/Home/include/darwin -Wno-long-double -I/usr/local/Cellar/python/2.7.9/Frameworks/Python.framework/Versions/2.7/include/python2.7 conftest.c >&5
warning: unknown warning option '-Wno-long-double'; did you mean '-Wno-long-long'? [-Wunknown-warning-option]
1 warning generated.
configure:19829: $? = 0
configure:19833: test -z 
			 || test ! -s conftest.err
configure:19836: $? = 0
configure:19839: test -s conftest.o
configure:19842: $? = 0
configure:19852: result: yes
configure:19856: checking fcntl.h presence
configure:19866: gcc -E  -I/Library/Java/JavaVirtualMachines/jdk1.7.0_79.jdk/Contents/Home/include -I/Library/Java/JavaVirtualMachines/jdk1.7.0_79.jdk/Contents/Home/include/darwin -Wno-long-double -I/usr/local/Cellar/python/2.7.9/Frameworks/Python.framework/Versions/2.7/include/python2.7 conftest.c
warning: unknown warning option '-Wno-long-double'; did you mean '-Wno-long-long'? [-Wunknown-warning-option]
1 warning generated.
configure:19872: $? = 0
configure:19892: result: yes
configure:19927: checking for fcntl.h
configure:19934: result: yes
configure:19811: checking dirent.h usability
configure:19823: gcc -c -I /usr/local/lib/python2.7/site-packages/numpy-1.9.2-py2.7-macosx-10.10-x86_64.egg/numpy/core/include   -I/Library/Java/JavaVirtualMachines/jdk1.7.0_79.jdk/Contents/Home/include -I/Library/Java/JavaVirtualMachines/jdk1.7.0_79.jdk/Contents/Home/include/darwin -Wno-long-double -I/usr/local/Cellar/python/2.7.9/Frameworks/Python.framework/Versions/2.7/include/python2.7 conftest.c >&5
warning: unknown warning option '-Wno-long-double'; did you mean '-Wno-long-long'? [-Wunknown-warning-option]
1 warning generated.
configure:19829: $? = 0
configure:19833: test -z 
			 || test ! -s conftest.err
configure:19836: $? = 0
configure:19839: test -s conftest.o
configure:19842: $? = 0
configure:19852: result: yes
configure:19856: checking dirent.h presence
configure:19866: gcc -E  -I/Library/Java/JavaVirtualMachines/jdk1.7.0_79.jdk/Contents/Home/include -I/Library/Java/JavaVirtualMachines/jdk1.7.0_79.jdk/Contents/Home/include/darwin -Wno-long-double -I/usr/local/Cellar/python/2.7.9/Frameworks/Python.framework/Versions/2.7/include/python2.7 conftest.c
warning: unknown warning option '-Wno-long-double'; did you mean '-Wno-long-long'? [-Wunknown-warning-option]
1 warning generated.
configure:19872: $? = 0
configure:19892: result: yes
configure:19927: checking for dirent.h
configure:19934: result: yes
configure:19811: checking sys/ndir.h usability
configure:19823: gcc -c -I /usr/local/lib/python2.7/site-packages/numpy-1.9.2-py2.7-macosx-10.10-x86_64.egg/numpy/core/include   -I/Library/Java/JavaVirtualMachines/jdk1.7.0_79.jdk/Contents/Home/include -I/Library/Java/JavaVirtualMachines/jdk1.7.0_79.jdk/Contents/Home/include/darwin -Wno-long-double -I/usr/local/Cellar/python/2.7.9/Frameworks/Python.framework/Versions/2.7/include/python2.7 conftest.c >&5
warning: unknown warning option '-Wno-long-double'; did you mean '-Wno-long-long'? [-Wunknown-warning-option]
conftest.c:71:10: fatal error: 'sys/ndir.h' file not found
#include <sys/ndir.h>
         ^
1 warning and 1 error generated.
configure:19829: $? = 1
configure: failed program was:
| /* confdefs.h.  */
| 
| #define PACKAGE_NAME ""
| #define PACKAGE_TARNAME ""
| #define PACKAGE_VERSION ""
| #define PACKAGE_STRING ""
| #define PACKAGE_BUGREPORT ""
| #define PACKAGE "jep"
| #define VERSION "2.3"
| #define USE_DEALLOC 1
| #define USE_MAPPED_EXCEPTIONS 1
| #define STDC_HEADERS 1
| #define HAVE_SYS_TYPES_H 1
| #define HAVE_SYS_STAT_H 1
| #define HAVE_STDLIB_H 1
| #define HAVE_STRING_H 1
| #define HAVE_MEMORY_H 1
| #define HAVE_STRINGS_H 1
| #define HAVE_INTTYPES_H 1
| #define HAVE_STDINT_H 1
| #define HAVE_UNISTD_H 1
| #define HAVE_DLFCN_H 1
| #ifdef __cplusplus
| extern "C" void exit (int) throw ();
| #endif
| #define SIZEOF_FLOAT 4
| #define STDC_HEADERS 1
| #define HAVE_UNISTD_H 1
| #define HAVE_SYS_PARAM_H 1
| #define HAVE_SYS_TIME_H 1
| #define HAVE_TIME_H 1
| #define HAVE_STRING_H 1
| #define HAVE_MEMORY_H 1
| #define HAVE_FCNTL_H 1
| #define HAVE_DIRENT_H 1
| /* end confdefs.h.  */
| #include <stdio.h>
| #if HAVE_SYS_TYPES_H
| # include <sys/types.h>
| #endif
| #if HAVE_SYS_STAT_H
| # include <sys/stat.h>
| #endif
| #if STDC_HEADERS
| # include <stdlib.h>
| # include <stddef.h>
| #else
| # if HAVE_STDLIB_H
| #  include <stdlib.h>
| # endif
| #endif
| #if HAVE_STRING_H
| # if !STDC_HEADERS && HAVE_MEMORY_H
| #  include <memory.h>
| # endif
| # include <string.h>
| #endif
| #if HAVE_STRINGS_H
| # include <strings.h>
| #endif
| #if HAVE_INTTYPES_H
| # include <inttypes.h>
| #else
| # if HAVE_STDINT_H
| #  include <stdint.h>
| # endif
| #endif
| #if HAVE_UNISTD_H
| # include <unistd.h>
| #endif
| #include <sys/ndir.h>
configure:19852: result: no
configure:19856: checking sys/ndir.h presence
configure:19866: gcc -E  -I/Library/Java/JavaVirtualMachines/jdk1.7.0_79.jdk/Contents/Home/include -I/Library/Java/JavaVirtualMachines/jdk1.7.0_79.jdk/Contents/Home/include/darwin -Wno-long-double -I/usr/local/Cellar/python/2.7.9/Frameworks/Python.framework/Versions/2.7/include/python2.7 conftest.c
warning: unknown warning option '-Wno-long-double'; did you mean '-Wno-long-long'? [-Wunknown-warning-option]
conftest.c:37:10: fatal error: 'sys/ndir.h' file not found
#include <sys/ndir.h>
         ^
1 warning and 1 error generated.
configure:19872: $? = 1
configure: failed program was:
| /* confdefs.h.  */
| 
| #define PACKAGE_NAME ""
| #define PACKAGE_TARNAME ""
| #define PACKAGE_VERSION ""
| #define PACKAGE_STRING ""
| #define PACKAGE_BUGREPORT ""
| #define PACKAGE "jep"
| #define VERSION "2.3"
| #define USE_DEALLOC 1
| #define USE_MAPPED_EXCEPTIONS 1
| #define STDC_HEADERS 1
| #define HAVE_SYS_TYPES_H 1
| #define HAVE_SYS_STAT_H 1
| #define HAVE_STDLIB_H 1
| #define HAVE_STRING_H 1
| #define HAVE_MEMORY_H 1
| #define HAVE_STRINGS_H 1
| #define HAVE_INTTYPES_H 1
| #define HAVE_STDINT_H 1
| #define HAVE_UNISTD_H 1
| #define HAVE_DLFCN_H 1
| #ifdef __cplusplus
| extern "C" void exit (int) throw ();
| #endif
| #define SIZEOF_FLOAT 4
| #define STDC_HEADERS 1
| #define HAVE_UNISTD_H 1
| #define HAVE_SYS_PARAM_H 1
| #define HAVE_SYS_TIME_H 1
| #define HAVE_TIME_H 1
| #define HAVE_STRING_H 1
| #define HAVE_MEMORY_H 1
| #define HAVE_FCNTL_H 1
| #define HAVE_DIRENT_H 1
| /* end confdefs.h.  */
| #include <sys/ndir.h>
configure:19892: result: no
configure:19927: checking for sys/ndir.h
configure:19934: result: no
configure:19811: checking ndir.h usability
configure:19823: gcc -c -I /usr/local/lib/python2.7/site-packages/numpy-1.9.2-py2.7-macosx-10.10-x86_64.egg/numpy/core/include   -I/Library/Java/JavaVirtualMachines/jdk1.7.0_79.jdk/Contents/Home/include -I/Library/Java/JavaVirtualMachines/jdk1.7.0_79.jdk/Contents/Home/include/darwin -Wno-long-double -I/usr/local/Cellar/python/2.7.9/Frameworks/Python.framework/Versions/2.7/include/python2.7 conftest.c >&5
warning: unknown warning option '-Wno-long-double'; did you mean '-Wno-long-long'? [-Wunknown-warning-option]
conftest.c:71:10: fatal error: 'ndir.h' file not found
#include <ndir.h>
         ^
1 warning and 1 error generated.
configure:19829: $? = 1
configure: failed program was:
| /* confdefs.h.  */
| 
| #define PACKAGE_NAME ""
| #define PACKAGE_TARNAME ""
| #define PACKAGE_VERSION ""
| #define PACKAGE_STRING ""
| #define PACKAGE_BUGREPORT ""
| #define PACKAGE "jep"
| #define VERSION "2.3"
| #define USE_DEALLOC 1
| #define USE_MAPPED_EXCEPTIONS 1
| #define STDC_HEADERS 1
| #define HAVE_SYS_TYPES_H 1
| #define HAVE_SYS_STAT_H 1
| #define HAVE_STDLIB_H 1
| #define HAVE_STRING_H 1
| #define HAVE_MEMORY_H 1
| #define HAVE_STRINGS_H 1
| #define HAVE_INTTYPES_H 1
| #define HAVE_STDINT_H 1
| #define HAVE_UNISTD_H 1
| #define HAVE_DLFCN_H 1
| #ifdef __cplusplus
| extern "C" void exit (int) throw ();
| #endif
| #define SIZEOF_FLOAT 4
| #define STDC_HEADERS 1
| #define HAVE_UNISTD_H 1
| #define HAVE_SYS_PARAM_H 1
| #define HAVE_SYS_TIME_H 1
| #define HAVE_TIME_H 1
| #define HAVE_STRING_H 1
| #define HAVE_MEMORY_H 1
| #define HAVE_FCNTL_H 1
| #define HAVE_DIRENT_H 1
| /* end confdefs.h.  */
| #include <stdio.h>
| #if HAVE_SYS_TYPES_H
| # include <sys/types.h>
| #endif
| #if HAVE_SYS_STAT_H
| # include <sys/stat.h>
| #endif
| #if STDC_HEADERS
| # include <stdlib.h>
| # include <stddef.h>
| #else
| # if HAVE_STDLIB_H
| #  include <stdlib.h>
| # endif
| #endif
| #if HAVE_STRING_H
| # if !STDC_HEADERS && HAVE_MEMORY_H
| #  include <memory.h>
| # endif
| # include <string.h>
| #endif
| #if HAVE_STRINGS_H
| # include <strings.h>
| #endif
| #if HAVE_INTTYPES_H
| # include <inttypes.h>
| #else
| # if HAVE_STDINT_H
| #  include <stdint.h>
| # endif
| #endif
| #if HAVE_UNISTD_H
| # include <unistd.h>
| #endif
| #include <ndir.h>
configure:19852: result: no
configure:19856: checking ndir.h presence
configure:19866: gcc -E  -I/Library/Java/JavaVirtualMachines/jdk1.7.0_79.jdk/Contents/Home/include -I/Library/Java/JavaVirtualMachines/jdk1.7.0_79.jdk/Contents/Home/include/darwin -Wno-long-double -I/usr/local/Cellar/python/2.7.9/Frameworks/Python.framework/Versions/2.7/include/python2.7 conftest.c
warning: unknown warning option '-Wno-long-double'; did you mean '-Wno-long-long'? [-Wunknown-warning-option]
conftest.c:37:10: fatal error: 'ndir.h' file not found
#include <ndir.h>
         ^
1 warning and 1 error generated.
configure:19872: $? = 1
configure: failed program was:
| /* confdefs.h.  */
| 
| #define PACKAGE_NAME ""
| #define PACKAGE_TARNAME ""
| #define PACKAGE_VERSION ""
| #define PACKAGE_STRING ""
| #define PACKAGE_BUGREPORT ""
| #define PACKAGE "jep"
| #define VERSION "2.3"
| #define USE_DEALLOC 1
| #define USE_MAPPED_EXCEPTIONS 1
| #define STDC_HEADERS 1
| #define HAVE_SYS_TYPES_H 1
| #define HAVE_SYS_STAT_H 1
| #define HAVE_STDLIB_H 1
| #define HAVE_STRING_H 1
| #define HAVE_MEMORY_H 1
| #define HAVE_STRINGS_H 1
| #define HAVE_INTTYPES_H 1
| #define HAVE_STDINT_H 1
| #define HAVE_UNISTD_H 1
| #define HAVE_DLFCN_H 1
| #ifdef __cplusplus
| extern "C" void exit (int) throw ();
| #endif
| #define SIZEOF_FLOAT 4
| #define STDC_HEADERS 1
| #define HAVE_UNISTD_H 1
| #define HAVE_SYS_PARAM_H 1
| #define HAVE_SYS_TIME_H 1
| #define HAVE_TIME_H 1
| #define HAVE_STRING_H 1
| #define HAVE_MEMORY_H 1
| #define HAVE_FCNTL_H 1
| #define HAVE_DIRENT_H 1
| /* end confdefs.h.  */
| #include <ndir.h>
configure:19892: result: no
configure:19927: checking for ndir.h
configure:19934: result: no
configure:19811: checking alloca.h usability
configure:19823: gcc -c -I /usr/local/lib/python2.7/site-packages/numpy-1.9.2-py2.7-macosx-10.10-x86_64.egg/numpy/core/include   -I/Library/Java/JavaVirtualMachines/jdk1.7.0_79.jdk/Contents/Home/include -I/Library/Java/JavaVirtualMachines/jdk1.7.0_79.jdk/Contents/Home/include/darwin -Wno-long-double -I/usr/local/Cellar/python/2.7.9/Frameworks/Python.framework/Versions/2.7/include/python2.7 conftest.c >&5
warning: unknown warning option '-Wno-long-double'; did you mean '-Wno-long-long'? [-Wunknown-warning-option]
1 warning generated.
configure:19829: $? = 0
configure:19833: test -z 
			 || test ! -s conftest.err
configure:19836: $? = 0
configure:19839: test -s conftest.o
configure:19842: $? = 0
configure:19852: result: yes
configure:19856: checking alloca.h presence
configure:19866: gcc -E  -I/Library/Java/JavaVirtualMachines/jdk1.7.0_79.jdk/Contents/Home/include -I/Library/Java/JavaVirtualMachines/jdk1.7.0_79.jdk/Contents/Home/include/darwin -Wno-long-double -I/usr/local/Cellar/python/2.7.9/Frameworks/Python.framework/Versions/2.7/include/python2.7 conftest.c
warning: unknown warning option '-Wno-long-double'; did you mean '-Wno-long-long'? [-Wunknown-warning-option]
1 warning generated.
configure:19872: $? = 0
configure:19892: result: yes
configure:19927: checking for alloca.h
configure:19934: result: yes
configure:19811: checking locale.h usability
configure:19823: gcc -c -I /usr/local/lib/python2.7/site-packages/numpy-1.9.2-py2.7-macosx-10.10-x86_64.egg/numpy/core/include   -I/Library/Java/JavaVirtualMachines/jdk1.7.0_79.jdk/Contents/Home/include -I/Library/Java/JavaVirtualMachines/jdk1.7.0_79.jdk/Contents/Home/include/darwin -Wno-long-double -I/usr/local/Cellar/python/2.7.9/Frameworks/Python.framework/Versions/2.7/include/python2.7 conftest.c >&5
warning: unknown warning option '-Wno-long-double'; did you mean '-Wno-long-long'? [-Wunknown-warning-option]
1 warning generated.
configure:19829: $? = 0
configure:19833: test -z 
			 || test ! -s conftest.err
configure:19836: $? = 0
configure:19839: test -s conftest.o
configure:19842: $? = 0
configure:19852: result: yes
configure:19856: checking locale.h presence
configure:19866: gcc -E  -I/Library/Java/JavaVirtualMachines/jdk1.7.0_79.jdk/Contents/Home/include -I/Library/Java/JavaVirtualMachines/jdk1.7.0_79.jdk/Contents/Home/include/darwin -Wno-long-double -I/usr/local/Cellar/python/2.7.9/Frameworks/Python.framework/Versions/2.7/include/python2.7 conftest.c
warning: unknown warning option '-Wno-long-double'; did you mean '-Wno-long-long'? [-Wunknown-warning-option]
1 warning generated.
configure:19872: $? = 0
configure:19892: result: yes
configure:19927: checking for locale.h
configure:19934: result: yes
configure:19811: checking error.h usability
configure:19823: gcc -c -I /usr/local/lib/python2.7/site-packages/numpy-1.9.2-py2.7-macosx-10.10-x86_64.egg/numpy/core/include   -I/Library/Java/JavaVirtualMachines/jdk1.7.0_79.jdk/Contents/Home/include -I/Library/Java/JavaVirtualMachines/jdk1.7.0_79.jdk/Contents/Home/include/darwin -Wno-long-double -I/usr/local/Cellar/python/2.7.9/Frameworks/Python.framework/Versions/2.7/include/python2.7 conftest.c >&5
warning: unknown warning option '-Wno-long-double'; did you mean '-Wno-long-long'? [-Wunknown-warning-option]
conftest.c:73:10: fatal error: 'error.h' file not found
#include <error.h>
         ^
1 warning and 1 error generated.
configure:19829: $? = 1
configure: failed program was:
| /* confdefs.h.  */
| 
| #define PACKAGE_NAME ""
| #define PACKAGE_TARNAME ""
| #define PACKAGE_VERSION ""
| #define PACKAGE_STRING ""
| #define PACKAGE_BUGREPORT ""
| #define PACKAGE "jep"
| #define VERSION "2.3"
| #define USE_DEALLOC 1
| #define USE_MAPPED_EXCEPTIONS 1
| #define STDC_HEADERS 1
| #define HAVE_SYS_TYPES_H 1
| #define HAVE_SYS_STAT_H 1
| #define HAVE_STDLIB_H 1
| #define HAVE_STRING_H 1
| #define HAVE_MEMORY_H 1
| #define HAVE_STRINGS_H 1
| #define HAVE_INTTYPES_H 1
| #define HAVE_STDINT_H 1
| #define HAVE_UNISTD_H 1
| #define HAVE_DLFCN_H 1
| #ifdef __cplusplus
| extern "C" void exit (int) throw ();
| #endif
| #define SIZEOF_FLOAT 4
| #define STDC_HEADERS 1
| #define HAVE_UNISTD_H 1
| #define HAVE_SYS_PARAM_H 1
| #define HAVE_SYS_TIME_H 1
| #define HAVE_TIME_H 1
| #define HAVE_STRING_H 1
| #define HAVE_MEMORY_H 1
| #define HAVE_FCNTL_H 1
| #define HAVE_DIRENT_H 1
| #define HAVE_ALLOCA_H 1
| #define HAVE_LOCALE_H 1
| /* end confdefs.h.  */
| #include <stdio.h>
| #if HAVE_SYS_TYPES_H
| # include <sys/types.h>
| #endif
| #if HAVE_SYS_STAT_H
| # include <sys/stat.h>
| #endif
| #if STDC_HEADERS
| # include <stdlib.h>
| # include <stddef.h>
| #else
| # if HAVE_STDLIB_H
| #  include <stdlib.h>
| # endif
| #endif
| #if HAVE_STRING_H
| # if !STDC_HEADERS && HAVE_MEMORY_H
| #  include <memory.h>
| # endif
| # include <string.h>
| #endif
| #if HAVE_STRINGS_H
| # include <strings.h>
| #endif
| #if HAVE_INTTYPES_H
| # include <inttypes.h>
| #else
| # if HAVE_STDINT_H
| #  include <stdint.h>
| # endif
| #endif
| #if HAVE_UNISTD_H
| # include <unistd.h>
| #endif
| #include <error.h>
configure:19852: result: no
configure:19856: checking error.h presence
configure:19866: gcc -E  -I/Library/Java/JavaVirtualMachines/jdk1.7.0_79.jdk/Contents/Home/include -I/Library/Java/JavaVirtualMachines/jdk1.7.0_79.jdk/Contents/Home/include/darwin -Wno-long-double -I/usr/local/Cellar/python/2.7.9/Frameworks/Python.framework/Versions/2.7/include/python2.7 conftest.c
warning: unknown warning option '-Wno-long-double'; did you mean '-Wno-long-long'? [-Wunknown-warning-option]
conftest.c:39:10: fatal error: 'error.h' file not found
#include <error.h>
         ^
1 warning and 1 error generated.
configure:19872: $? = 1
configure: failed program was:
| /* confdefs.h.  */
| 
| #define PACKAGE_NAME ""
| #define PACKAGE_TARNAME ""
| #define PACKAGE_VERSION ""
| #define PACKAGE_STRING ""
| #define PACKAGE_BUGREPORT ""
| #define PACKAGE "jep"
| #define VERSION "2.3"
| #define USE_DEALLOC 1
| #define USE_MAPPED_EXCEPTIONS 1
| #define STDC_HEADERS 1
| #define HAVE_SYS_TYPES_H 1
| #define HAVE_SYS_STAT_H 1
| #define HAVE_STDLIB_H 1
| #define HAVE_STRING_H 1
| #define HAVE_MEMORY_H 1
| #define HAVE_STRINGS_H 1
| #define HAVE_INTTYPES_H 1
| #define HAVE_STDINT_H 1
| #define HAVE_UNISTD_H 1
| #define HAVE_DLFCN_H 1
| #ifdef __cplusplus
| extern "C" void exit (int) throw ();
| #endif
| #define SIZEOF_FLOAT 4
| #define STDC_HEADERS 1
| #define HAVE_UNISTD_H 1
| #define HAVE_SYS_PARAM_H 1
| #define HAVE_SYS_TIME_H 1
| #define HAVE_TIME_H 1
| #define HAVE_STRING_H 1
| #define HAVE_MEMORY_H 1
| #define HAVE_FCNTL_H 1
| #define HAVE_DIRENT_H 1
| #define HAVE_ALLOCA_H 1
| #define HAVE_LOCALE_H 1
| /* end confdefs.h.  */
| #include <error.h>
configure:19892: result: no
configure:19927: checking for error.h
configure:19934: result: no
configure:19949: checking whether time.h and sys/time.h may both be included
configure:19974: gcc -c -I /usr/local/lib/python2.7/site-packages/numpy-1.9.2-py2.7-macosx-10.10-x86_64.egg/numpy/core/include   -I/Library/Java/JavaVirtualMachines/jdk1.7.0_79.jdk/Contents/Home/include -I/Library/Java/JavaVirtualMachines/jdk1.7.0_79.jdk/Contents/Home/include/darwin -Wno-long-double -I/usr/local/Cellar/python/2.7.9/Frameworks/Python.framework/Versions/2.7/include/python2.7 conftest.c >&5
warning: unknown warning option '-Wno-long-double'; did you mean '-Wno-long-long'? [-Wunknown-warning-option]
1 warning generated.
configure:19980: $? = 0
configure:19984: test -z 
			 || test ! -s conftest.err
configure:19987: $? = 0
configure:19990: test -s conftest.o
configure:19993: $? = 0
configure:20004: result: yes
configure:20029: checking utime.h usability
configure:20041: gcc -c -I /usr/local/lib/python2.7/site-packages/numpy-1.9.2-py2.7-macosx-10.10-x86_64.egg/numpy/core/include   -I/Library/Java/JavaVirtualMachines/jdk1.7.0_79.jdk/Contents/Home/include -I/Library/Java/JavaVirtualMachines/jdk1.7.0_79.jdk/Contents/Home/include/darwin -Wno-long-double -I/usr/local/Cellar/python/2.7.9/Frameworks/Python.framework/Versions/2.7/include/python2.7 conftest.c >&5
warning: unknown warning option '-Wno-long-double'; did you mean '-Wno-long-long'? [-Wunknown-warning-option]
1 warning generated.
configure:20047: $? = 0
configure:20051: test -z 
			 || test ! -s conftest.err
configure:20054: $? = 0
configure:20057: test -s conftest.o
configure:20060: $? = 0
configure:20070: result: yes
configure:20074: checking utime.h presence
configure:20084: gcc -E  -I/Library/Java/JavaVirtualMachines/jdk1.7.0_79.jdk/Contents/Home/include -I/Library/Java/JavaVirtualMachines/jdk1.7.0_79.jdk/Contents/Home/include/darwin -Wno-long-double -I/usr/local/Cellar/python/2.7.9/Frameworks/Python.framework/Versions/2.7/include/python2.7 conftest.c
warning: unknown warning option '-Wno-long-double'; did you mean '-Wno-long-long'? [-Wunknown-warning-option]
1 warning generated.
configure:20090: $? = 0
configure:20110: result: yes
configure:20145: checking for utime.h
configure:20152: result: yes
configure:20166: checking for struct utimbuf
configure:20201: gcc -c -I /usr/local/lib/python2.7/site-packages/numpy-1.9.2-py2.7-macosx-10.10-x86_64.egg/numpy/core/include   -I/Library/Java/JavaVirtualMachines/jdk1.7.0_79.jdk/Contents/Home/include -I/Library/Java/JavaVirtualMachines/jdk1.7.0_79.jdk/Contents/Home/include/darwin -Wno-long-double -I/usr/local/Cellar/python/2.7.9/Frameworks/Python.framework/Versions/2.7/include/python2.7 conftest.c >&5
warning: unknown warning option '-Wno-long-double'; did you mean '-Wno-long-long'? [-Wunknown-warning-option]
1 warning generated.
configure:20207: $? = 0
configure:20211: test -z 
			 || test ! -s conftest.err
configure:20214: $? = 0
configure:20217: test -s conftest.o
configure:20220: $? = 0
configure:20232: result: yes
configure:20243: checking whether sys/types.h defines makedev
configure:20264: gcc -o conftest -I /usr/local/lib/python2.7/site-packages/numpy-1.9.2-py2.7-macosx-10.10-x86_64.egg/numpy/core/include   -I/Library/Java/JavaVirtualMachines/jdk1.7.0_79.jdk/Contents/Home/include -I/Library/Java/JavaVirtualMachines/jdk1.7.0_79.jdk/Contents/Home/include/darwin -Wno-long-double -I/usr/local/Cellar/python/2.7.9/Frameworks/Python.framework/Versions/2.7/include/python2.7  conftest.c  -L/usr/local/Cellar/python/2.7.9/Frameworks/Python.framework/Versions/2.7/lib/python2.7/config -ldl -framework CoreFoundation -lpython2.7  >&5
warning: unknown warning option '-Wno-long-double'; did you mean '-Wno-long-long'? [-Wunknown-warning-option]
1 warning generated.
configure:20270: $? = 0
configure:20274: test -z 
			 || test ! -s conftest.err
configure:20277: $? = 0
configure:20280: test -s conftest
configure:20283: $? = 0
configure:20296: result: yes
configure:20599: checking for working alloca.h
configure:20620: gcc -o conftest -I /usr/local/lib/python2.7/site-packages/numpy-1.9.2-py2.7-macosx-10.10-x86_64.egg/numpy/core/include   -I/Library/Java/JavaVirtualMachines/jdk1.7.0_79.jdk/Contents/Home/include -I/Library/Java/JavaVirtualMachines/jdk1.7.0_79.jdk/Contents/Home/include/darwin -Wno-long-double -I/usr/local/Cellar/python/2.7.9/Frameworks/Python.framework/Versions/2.7/include/python2.7  conftest.c  -L/usr/local/Cellar/python/2.7.9/Frameworks/Python.framework/Versions/2.7/lib/python2.7/config -ldl -framework CoreFoundation -lpython2.7  >&5
warning: unknown warning option '-Wno-long-double'; did you mean '-Wno-long-long'? [-Wunknown-warning-option]
1 warning generated.
configure:20626: $? = 0
configure:20630: test -z 
			 || test ! -s conftest.err
configure:20633: $? = 0
configure:20636: test -s conftest
configure:20639: $? = 0
configure:20651: result: yes
configure:20661: checking for alloca
configure:20702: gcc -o conftest -I /usr/local/lib/python2.7/site-packages/numpy-1.9.2-py2.7-macosx-10.10-x86_64.egg/numpy/core/include   -I/Library/Java/JavaVirtualMachines/jdk1.7.0_79.jdk/Contents/Home/include -I/Library/Java/JavaVirtualMachines/jdk1.7.0_79.jdk/Contents/Home/include/darwin -Wno-long-double -I/usr/local/Cellar/python/2.7.9/Frameworks/Python.framework/Versions/2.7/include/python2.7  conftest.c  -L/usr/local/Cellar/python/2.7.9/Frameworks/Python.framework/Versions/2.7/lib/python2.7/config -ldl -framework CoreFoundation -lpython2.7  >&5
warning: unknown warning option '-Wno-long-double'; did you mean '-Wno-long-long'? [-Wunknown-warning-option]
1 warning generated.
configure:20708: $? = 0
configure:20712: test -z 
			 || test ! -s conftest.err
configure:20715: $? = 0
configure:20718: test -s conftest
configure:20721: $? = 0
configure:20733: result: yes
configure:20956: checking whether struct tm is in sys/time.h or time.h
configure:20979: gcc -c -I /usr/local/lib/python2.7/site-packages/numpy-1.9.2-py2.7-macosx-10.10-x86_64.egg/numpy/core/include   -I/Library/Java/JavaVirtualMachines/jdk1.7.0_79.jdk/Contents/Home/include -I/Library/Java/JavaVirtualMachines/jdk1.7.0_79.jdk/Contents/Home/include/darwin -Wno-long-double -I/usr/local/Cellar/python/2.7.9/Frameworks/Python.framework/Versions/2.7/include/python2.7 conftest.c >&5
warning: unknown warning option '-Wno-long-double'; did you mean '-Wno-long-long'? [-Wunknown-warning-option]
conftest.c:50:20: warning: expression result unused [-Wunused-value]
struct tm *tp; tp->tm_sec;
               ~~  ^~~~~~
2 warnings generated.
configure:20985: $? = 0
configure:20989: test -z 
			 || test ! -s conftest.err
configure:20992: $? = 0
configure:20995: test -s conftest.o
configure:20998: $? = 0
configure:21009: result: time.h
configure:21019: checking for struct stat.st_blocks
configure:21042: gcc -c -I /usr/local/lib/python2.7/site-packages/numpy-1.9.2-py2.7-macosx-10.10-x86_64.egg/numpy/core/include   -I/Library/Java/JavaVirtualMachines/jdk1.7.0_79.jdk/Contents/Home/include -I/Library/Java/JavaVirtualMachines/jdk1.7.0_79.jdk/Contents/Home/include/darwin -Wno-long-double -I/usr/local/Cellar/python/2.7.9/Frameworks/Python.framework/Versions/2.7/include/python2.7 conftest.c >&5
warning: unknown warning option '-Wno-long-double'; did you mean '-Wno-long-long'? [-Wunknown-warning-option]
1 warning generated.
configure:21048: $? = 0
configure:21052: test -z 
			 || test ! -s conftest.err
configure:21055: $? = 0
configure:21058: test -s conftest.o
configure:21061: $? = 0
configure:21118: result: yes
configure:21151: checking for dirent.h that defines DIR
configure:21175: gcc -c -I /usr/local/lib/python2.7/site-packages/numpy-1.9.2-py2.7-macosx-10.10-x86_64.egg/numpy/core/include   -I/Library/Java/JavaVirtualMachines/jdk1.7.0_79.jdk/Contents/Home/include -I/Library/Java/JavaVirtualMachines/jdk1.7.0_79.jdk/Contents/Home/include/darwin -Wno-long-double -I/usr/local/Cellar/python/2.7.9/Frameworks/Python.framework/Versions/2.7/include/python2.7 conftest.c >&5
warning: unknown warning option '-Wno-long-double'; did you mean '-Wno-long-long'? [-Wunknown-warning-option]
1 warning generated.
configure:21181: $? = 0
configure:21185: test -z 
			 || test ! -s conftest.err
configure:21188: $? = 0
configure:21191: test -s conftest.o
configure:21194: $? = 0
configure:21205: result: yes
configure:21218: checking for library containing opendir
configure:21248: gcc -o conftest -I /usr/local/lib/python2.7/site-packages/numpy-1.9.2-py2.7-macosx-10.10-x86_64.egg/numpy/core/include   -I/Library/Java/JavaVirtualMachines/jdk1.7.0_79.jdk/Contents/Home/include -I/Library/Java/JavaVirtualMachines/jdk1.7.0_79.jdk/Contents/Home/include/darwin -Wno-long-double -I/usr/local/Cellar/python/2.7.9/Frameworks/Python.framework/Versions/2.7/include/python2.7  conftest.c  -L/usr/local/Cellar/python/2.7.9/Frameworks/Python.framework/Versions/2.7/lib/python2.7/config -ldl -framework CoreFoundation -lpython2.7  >&5
warning: unknown warning option '-Wno-long-double'; did you mean '-Wno-long-long'? [-Wunknown-warning-option]
1 warning generated.
configure:21254: $? = 0
configure:21258: test -z 
			 || test ! -s conftest.err
configure:21261: $? = 0
configure:21264: test -s conftest
configure:21267: $? = 0
configure:21337: result: none required
configure:21473: checking whether closedir returns void
configure:21502: gcc -o conftest -I /usr/local/lib/python2.7/site-packages/numpy-1.9.2-py2.7-macosx-10.10-x86_64.egg/numpy/core/include   -I/Library/Java/JavaVirtualMachines/jdk1.7.0_79.jdk/Contents/Home/include -I/Library/Java/JavaVirtualMachines/jdk1.7.0_79.jdk/Contents/Home/include/darwin -Wno-long-double -I/usr/local/Cellar/python/2.7.9/Frameworks/Python.framework/Versions/2.7/include/python2.7  conftest.c  -L/usr/local/Cellar/python/2.7.9/Frameworks/Python.framework/Versions/2.7/lib/python2.7/config -ldl -framework CoreFoundation -lpython2.7  >&5
warning: unknown warning option '-Wno-long-double'; did you mean '-Wno-long-long'? [-Wunknown-warning-option]
1 warning generated.
configure:21505: $? = 0
configure:21507: ./conftest
configure:21510: $? = 0
configure:21524: result: no
configure:21538: checking for mkfifo
configure:21595: gcc -o conftest -I /usr/local/lib/python2.7/site-packages/numpy-1.9.2-py2.7-macosx-10.10-x86_64.egg/numpy/core/include   -I/Library/Java/JavaVirtualMachines/jdk1.7.0_79.jdk/Contents/Home/include -I/Library/Java/JavaVirtualMachines/jdk1.7.0_79.jdk/Contents/Home/include/darwin -Wno-long-double -I/usr/local/Cellar/python/2.7.9/Frameworks/Python.framework/Versions/2.7/include/python2.7  conftest.c  -L/usr/local/Cellar/python/2.7.9/Frameworks/Python.framework/Versions/2.7/lib/python2.7/config -ldl -framework CoreFoundation -lpython2.7  >&5
warning: unknown warning option '-Wno-long-double'; did you mean '-Wno-long-long'? [-Wunknown-warning-option]
1 warning generated.
configure:21601: $? = 0
configure:21605: test -z 
			 || test ! -s conftest.err
configure:21608: $? = 0
configure:21611: test -s conftest
configure:21614: $? = 0
configure:21626: result: yes
configure:21636: checking for mknod
configure:21693: gcc -o conftest -I /usr/local/lib/python2.7/site-packages/numpy-1.9.2-py2.7-macosx-10.10-x86_64.egg/numpy/core/include   -I/Library/Java/JavaVirtualMachines/jdk1.7.0_79.jdk/Contents/Home/include -I/Library/Java/JavaVirtualMachines/jdk1.7.0_79.jdk/Contents/Home/include/darwin -Wno-long-double -I/usr/local/Cellar/python/2.7.9/Frameworks/Python.framework/Versions/2.7/include/python2.7  conftest.c  -L/usr/local/Cellar/python/2.7.9/Frameworks/Python.framework/Versions/2.7/lib/python2.7/config -ldl -framework CoreFoundation -lpython2.7  >&5
warning: unknown warning option '-Wno-long-double'; did you mean '-Wno-long-long'? [-Wunknown-warning-option]
1 warning generated.
configure:21699: $? = 0
configure:21703: test -z 
			 || test ! -s conftest.err
configure:21706: $? = 0
configure:21709: test -s conftest
configure:21712: $? = 0
configure:21724: result: yes
configure:21847: creating ./config.status

## ---------------------- ##
## Running config.status. ##
## ---------------------- ##

This file was extended by config.status, which was
generated by GNU Autoconf 2.59.  Invocation command line was

  CONFIG_FILES    = 
  CONFIG_HEADERS  = 
  CONFIG_LINKS    = 
  CONFIG_COMMANDS = 
  $ ./config.status 

on osx

config.status:734: creating Makefile
config.status:734: creating jep.lsm
config.status:734: creating jep.spec
config.status:734: creating src/Makefile
config.status:734: creating src/jep/Makefile
config.status:838: creating config.h
config.status:1010: config.h is unchanged
config.status:1190: executing depfiles commands

## ---------------- ##
## Cache variables. ##
## ---------------- ##

ac_cv_build=i386-apple-darwin14.0.0
ac_cv_build_alias=i386-apple-darwin14.0.0
ac_cv_c_compiler_gnu=yes
ac_cv_cxx_compiler_gnu=yes
ac_cv_env_CC_set=
ac_cv_env_CC_value=
ac_cv_env_CFLAGS_set=set
ac_cv_env_CFLAGS_value='-I /usr/local/lib/python2.7/site-packages/numpy-1.9.2-py2.7-macosx-10.10-x86_64.egg/numpy/core/include '
ac_cv_env_CPPFLAGS_set=
ac_cv_env_CPPFLAGS_value=
ac_cv_env_CPP_set=
ac_cv_env_CPP_value=
ac_cv_env_CXXCPP_set=
ac_cv_env_CXXCPP_value=
ac_cv_env_CXXFLAGS_set=
ac_cv_env_CXXFLAGS_value=
ac_cv_env_CXX_set=
ac_cv_env_CXX_value=
ac_cv_env_F77_set=
ac_cv_env_F77_value=
ac_cv_env_FFLAGS_set=
ac_cv_env_FFLAGS_value=
ac_cv_env_LDFLAGS_set=
ac_cv_env_LDFLAGS_value=
ac_cv_env_build_alias_set=
ac_cv_env_build_alias_value=
ac_cv_env_host_alias_set=
ac_cv_env_host_alias_value=
ac_cv_env_target_alias_set=
ac_cv_env_target_alias_value=
ac_cv_exeext=
ac_cv_f77_compiler_gnu=no
ac_cv_func_alloca_works=yes
ac_cv_func_closedir_void=no
ac_cv_func_mkfifo=yes
ac_cv_func_mknod=yes
ac_cv_header_alloca_h=yes
ac_cv_header_dirent_dirent_h=yes
ac_cv_header_dirent_h=yes
ac_cv_header_dlfcn_h=yes
ac_cv_header_error_h=no
ac_cv_header_fcntl_h=yes
ac_cv_header_inttypes_h=yes
ac_cv_header_locale_h=yes
ac_cv_header_memory_h=yes
ac_cv_header_ndir_h=no
ac_cv_header_stdc=yes
ac_cv_header_stdint_h=yes
ac_cv_header_stdlib_h=yes
ac_cv_header_string_h=yes
ac_cv_header_strings_h=yes
ac_cv_header_sys_mkdev_h=no
ac_cv_header_sys_ndir_h=no
ac_cv_header_sys_param_h=yes
ac_cv_header_sys_stat_h=yes
ac_cv_header_sys_sysmacros_h=no
ac_cv_header_sys_time_h=yes
ac_cv_header_sys_types_h=yes
ac_cv_header_sys_types_h_makedev=yes
ac_cv_header_time=yes
ac_cv_header_time_h=yes
ac_cv_header_unistd_h=yes
ac_cv_header_utime_h=yes
ac_cv_host=i386-apple-darwin14.0.0
ac_cv_host_alias=i386-apple-darwin14.0.0
ac_cv_member_struct_stat_st_blocks=yes
ac_cv_objext=o
ac_cv_path_JAVAC=/Library/Java/JavaVirtualMachines/jdk1.7.0_79.jdk/Contents/Home/bin/javac
ac_cv_path_PYTHON=/usr/local/bin/python
ac_cv_path_install='/usr/local/bin/ginstall -c'
ac_cv_prog_AWK=awk
ac_cv_prog_CPP='gcc -E'
ac_cv_prog_CXXCPP='g++ -E'
ac_cv_prog_ac_ct_AR=ar
ac_cv_prog_ac_ct_CC=gcc
ac_cv_prog_ac_ct_CXX=g++
ac_cv_prog_ac_ct_RANLIB=ranlib
ac_cv_prog_ac_ct_STRIP=strip
ac_cv_prog_cc_g=yes
ac_cv_prog_cc_stdc=
ac_cv_prog_cxx_g=yes
ac_cv_prog_egrep='grep -E'
ac_cv_prog_f77_g=no
ac_cv_prog_javax_script_works=yes
ac_cv_prog_make_make_set=yes
ac_cv_search_opendir='none required'
ac_cv_sizeof_float=4
ac_cv_struct_tm=time.h
ac_cv_type_float=yes
ac_cv_working_alloca_h=yes
am_cv_CC_dependencies_compiler_type=gcc3
am_cv_CXX_dependencies_compiler_type=gcc3
fu_cv_sys_struct_utimbuf=yes
lt_cv_deplibs_check_method=pass_all
lt_cv_file_magic_cmd='$MAGIC_CMD'
lt_cv_file_magic_test_file=
lt_cv_ld_reload_flag=-r
lt_cv_objdir=.libs
lt_cv_path_LD=/Applications/Xcode.app/Contents/Developer/Toolchains/XcodeDefault.xctoolchain/usr/bin/ld
lt_cv_path_LDCXX=/Applications/Xcode.app/Contents/Developer/Toolchains/XcodeDefault.xctoolchain/usr/bin/ld
lt_cv_path_NM=/usr/bin/nm
lt_cv_path_SED=/usr/bin/sed
lt_cv_prog_compiler_c_o=yes
lt_cv_prog_compiler_c_o_CXX=yes
lt_cv_prog_compiler_rtti_exceptions=yes
lt_cv_prog_gnu_ld=no
lt_cv_prog_gnu_ldcxx=no
lt_cv_sys_global_symbol_pipe='sed -n -e '\''s/^.*[ 	]\([BCDEGRST][BCDEGRST]*\)[ 	][ 	]*_\([_A-Za-z][_A-Za-z0-9]*\)$/\1 _\2 \2/p'\'''
lt_cv_sys_global_symbol_to_c_name_address='sed -n -e '\''s/^: \([^ ]*\) $/  {\"\1\", (lt_ptr) 0},/p'\'' -e '\''s/^[BCDEGRST] \([^ ]*\) \([^ ]*\)$/  {"\2", (lt_ptr) \&\2},/p'\'''
lt_cv_sys_global_symbol_to_cdecl='sed -n -e '\''s/^. .* \(.*\)$/extern int \1;/p'\'''
lt_cv_sys_max_cmd_len=196608
lt_lt_cv_prog_compiler_c_o='"yes"'
lt_lt_cv_prog_compiler_c_o_CXX='"yes"'
lt_lt_cv_sys_global_symbol_pipe='"sed -n -e '\''s/^.*[ 	]\\([BCDEGRST][BCDEGRST]*\\)[ 	][ 	]*_\\([_A-Za-z][_A-Za-z0-9]*\\)\$/\\1 _\\2 \\2/p'\''"'
lt_lt_cv_sys_global_symbol_to_c_name_address='"sed -n -e '\''s/^: \\([^ ]*\\) \$/  {\\\"\\1\\\", (lt_ptr) 0},/p'\'' -e '\''s/^[BCDEGRST] \\([^ ]*\\) \\([^ ]*\\)\$/  {\"\\2\", (lt_ptr) \\&\\2},/p'\''"'
lt_lt_cv_sys_global_symbol_to_cdecl='"sed -n -e '\''s/^. .* \\(.*\\)\$/extern int \\1;/p'\''"'

## ----------------- ##
## Output variables. ##
## ----------------- ##

ACLOCAL='${SHELL} /Users/mj/awips2-builds/nativeLib/rary.cots.jepp/jepp-2.3/missing --run aclocal-1.9'
ALLOCA=''
AMDEPBACKSLASH='\'
AMDEP_FALSE='#'
AMDEP_TRUE=''
AMTAR='${SHELL} /Users/mj/awips2-builds/nativeLib/rary.cots.jepp/jepp-2.3/missing --run tar'
AR='ar'
AUTOCONF='${SHELL} /Users/mj/awips2-builds/nativeLib/rary.cots.jepp/jepp-2.3/missing --run autoconf'
AUTOHEADER='${SHELL} /Users/mj/awips2-builds/nativeLib/rary.cots.jepp/jepp-2.3/missing --run autoheader'
AUTOMAKE='${SHELL} /Users/mj/awips2-builds/nativeLib/rary.cots.jepp/jepp-2.3/missing --run automake-1.9'
AWK='awk'
CC='gcc'
CCDEPMODE='depmode=gcc3'
CFLAGS='-I /usr/local/lib/python2.7/site-packages/numpy-1.9.2-py2.7-macosx-10.10-x86_64.egg/numpy/core/include '
CPP='gcc -E'
CPPFLAGS=' -I/Library/Java/JavaVirtualMachines/jdk1.7.0_79.jdk/Contents/Home/include -I/Library/Java/JavaVirtualMachines/jdk1.7.0_79.jdk/Contents/Home/include/darwin -Wno-long-double -I/usr/local/Cellar/python/2.7.9/Frameworks/Python.framework/Versions/2.7/include/python2.7'
CXX='g++'
CXXCPP='g++ -E'
CXXDEPMODE='depmode=gcc3'
CXXFLAGS='-g -O2'
CYGPATH_W='echo'
DEFS='-DHAVE_CONFIG_H'
DEPDIR='.deps'
ECHO='/bin/echo'
ECHO_C='ECHO_N=''
ECHO_T=''
EGREP='grep -E'
EXEEXT=''
F77=''
FFLAGS=''
INSTALL_DATA='${INSTALL} -m 644'
INSTALL_PROGRAM='${INSTALL}'
INSTALL_SCRIPT='${INSTALL}'
INSTALL_STRIP_PROGRAM='${SHELL} $(install_sh) -c -s'
ISODATE='2015-12-17'
JAVAC='/Library/Java/JavaVirtualMachines/jdk1.7.0_79.jdk/Contents/Home/bin/javac'
JAVAH='/Library/Java/JavaVirtualMachines/jdk1.7.0_79.jdk/Contents/Home/bin/javah'
JAVAX_SCRIPT_CLASSES='src/jep/JepScriptEngine.class src/jep/JepScriptEngineFactory.class'
JAVA_LDFLAGS='-Xlinker -framework -Xlinker JavaVM'
JAVA_LIBS=''
LDFLAGS=''
LIBOBJS=''
LIBS=' -L/usr/local/Cellar/python/2.7.9/Frameworks/Python.framework/Versions/2.7/lib/python2.7/config -ldl -framework CoreFoundation -lpython2.7 '
LIBTOOL='$(SHELL) $(top_builddir)/libtool'
LN_S='ln -s'
LTLIBOBJS=''
MAKEINFO='${SHELL} /Users/mj/awips2-builds/nativeLib/rary.cots.jepp/jepp-2.3/missing --run makeinfo'
OBJEXT='o'
PACKAGE='jep'
PACKAGE_BUGREPORT=''
PACKAGE_NAME=''
PACKAGE_STRING=''
PACKAGE_TARNAME=''
PACKAGE_VERSION=''
PATH_SEPARATOR=':'
PYTHON='/usr/local/bin/python'
RANLIB='ranlib'
SET_MAKE=''
SHELL='/bin/sh'
STRIP='strip'
VERSION='2.3'
ac_ct_AR='ar'
ac_ct_CC='gcc'
ac_ct_CXX='g++'
ac_ct_F77=''
ac_ct_RANLIB='ranlib'
ac_ct_STRIP='strip'
am__fastdepCC_FALSE='#'
am__fastdepCC_TRUE=''
am__fastdepCXX_FALSE='#'
am__fastdepCXX_TRUE=''
am__include='include'
am__leading_dot='.'
am__quote=''
am__tar='${AMTAR} chof - "$$tardir"'
am__untar='${AMTAR} xf -'
bindir='${exec_prefix}/bin'
build='i386-apple-darwin14.0.0'
build_alias=''
build_cpu='i386'
build_os='darwin14.0.0'
build_vendor='apple'
datadir='${prefix}/share'
exec_prefix='${prefix}'
host='i386-apple-darwin14.0.0'
host_alias=''
host_cpu='i386'
host_os='darwin14.0.0'
host_vendor='apple'
includedir='${prefix}/include'
infodir='${prefix}/info'
install_sh='/Users/mj/awips2-builds/nativeLib/rary.cots.jepp/jepp-2.3/install-sh'
libdir='${exec_prefix}/lib'
libexecdir='${exec_prefix}/libexec'
localstatedir='${prefix}/var'
mandir='${prefix}/man'
mkdir_p='$(mkinstalldirs)'
oldincludedir='/usr/include'
prefix='/usr/local'
program_transform_name='s,x,x,'
python_configdir='/usr/local/Cellar/python/2.7.9/Frameworks/Python.framework/Versions/2.7/lib/python2.7/config'
python_execprefix='/usr/local/Cellar/python/2.7.9/Frameworks/Python.framework/Versions/2.7'
python_includespec='-I/usr/local/Cellar/python/2.7.9/Frameworks/Python.framework/Versions/2.7/include/python2.7'
python_libspec='-L/usr/local/Cellar/python/2.7.9/Frameworks/Python.framework/Versions/2.7/lib/python2.7/config -ldl -framework CoreFoundation -lpython2.7 '
python_moduledir='/usr/local/Cellar/python/2.7.9/Frameworks/Python.framework/Versions/2.7/lib/python2.7/site-packages'
python_moduleexecdir='/usr/local/Cellar/python/2.7.9/Frameworks/Python.framework/Versions/2.7/lib/python2.7/site-packages'
python_prefix='/usr/local/Cellar/python/2.7.9/Frameworks/Python.framework/Versions/2.7'
python_version='2.7'
sbindir='${exec_prefix}/sbin'
sharedstatedir='${prefix}/com'
sysconfdir='${prefix}/etc'
target_alias=''

## ----------- ##
## confdefs.h. ##
## ----------- ##

#define HAVE_ALLOCA 1
#define HAVE_ALLOCA_H 1
#define HAVE_ALLOCA_H 1
#define HAVE_DIRENT_H 1
#define HAVE_DIRENT_H 1
#define HAVE_DLFCN_H 1
#define HAVE_FCNTL_H 1
#define HAVE_INTTYPES_H 1
#define HAVE_LOCALE_H 1
#define HAVE_MEMORY_H 1
#define HAVE_MEMORY_H 1
#define HAVE_MKFIFO 1
#define HAVE_STDINT_H 1
#define HAVE_STDLIB_H 1
#define HAVE_STRINGS_H 1
#define HAVE_STRING_H 1
#define HAVE_STRING_H 1
#define HAVE_STRUCT_STAT_ST_BLOCKS 1
#define HAVE_STRUCT_UTIMBUF 1
#define HAVE_ST_BLOCKS 1
#define HAVE_SYS_PARAM_H 1
#define HAVE_SYS_STAT_H 1
#define HAVE_SYS_TIME_H 1
#define HAVE_SYS_TYPES_H 1
#define HAVE_TIME_H 1
#define HAVE_UNISTD_H 1
#define HAVE_UNISTD_H 1
#define HAVE_UTIME_H 1
#define PACKAGE "jep"
#define PACKAGE_BUGREPORT ""
#define PACKAGE_NAME ""
#define PACKAGE_STRING ""
#define PACKAGE_TARNAME ""
#define PACKAGE_VERSION ""
#define SIZEOF_FLOAT 4
#define STDC_HEADERS 1
#define STDC_HEADERS 1
#define TIME_WITH_SYS_TIME 1
#define USE_DEALLOC 1
#define USE_MAPPED_EXCEPTIONS 1
#define VERSION "2.3"
#endif
#ifdef __cplusplus
extern "C" void exit (int) throw ();

configure: exit 0
